<?xml version="1.0" encoding="utf-8"?>
<CoverageSession>
  <Summary numSequencePoints="1247" visitedSequencePoints="976" numBranchPoints="419" visitedBranchPoints="293" sequenceCoverage="78.26" branchCoverage="69.92" maxCyclomaticComplexity="506" minCyclomaticComplexity="506" visitedClasses="20" numClasses="21" visitedMethods="140" numMethods="153" />
  <Modules>
    <Module hash="89E0A6F8-26C1-43D0-8900-FB3E5C3836BB">
      <ModulePath>SkiaSharp.Extended.Gif.dll</ModulePath>
      <ModuleTime>2026-02-20T01:50:56</ModuleTime>
      <ModuleName>SkiaSharp.Extended.Gif</ModuleName>
      <Files>
        <File uid="1" fullPath="/home/runner/work/SkiaSharp.Extended/SkiaSharp.Extended/source/SkiaSharp.Extended.Gif/SKGifDecoder.cs" />
        <File uid="2" fullPath="/home/runner/work/SkiaSharp.Extended/SkiaSharp.Extended/source/SkiaSharp.Extended.Gif/SKGifEncoder.cs" />
        <File uid="3" fullPath="/home/runner/work/SkiaSharp.Extended/SkiaSharp.Extended/source/SkiaSharp.Extended.Gif/SKGifFrame.cs" />
        <File uid="4" fullPath="/home/runner/work/SkiaSharp.Extended/SkiaSharp.Extended/source/SkiaSharp.Extended.Gif/SKGifMetadata.cs" />
        <File uid="5" fullPath="/home/runner/work/SkiaSharp.Extended/SkiaSharp.Extended/source/SkiaSharp.Extended.Gif/IO/GifReader.cs" />
        <File uid="6" fullPath="/home/runner/work/SkiaSharp.Extended/SkiaSharp.Extended/source/SkiaSharp.Extended.Gif/IO/GifStructures.cs" />
        <File uid="7" fullPath="/home/runner/work/SkiaSharp.Extended/SkiaSharp.Extended/source/SkiaSharp.Extended.Gif/Encoding/ColorQuantizer.cs" />
        <File uid="8" fullPath="/home/runner/work/SkiaSharp.Extended/SkiaSharp.Extended/source/SkiaSharp.Extended.Gif/Encoding/GifWriter.cs" />
        <File uid="9" fullPath="/home/runner/work/SkiaSharp.Extended/SkiaSharp.Extended/source/SkiaSharp.Extended.Gif/Decoding/FrameDecoder.cs" />
        <File uid="10" fullPath="/home/runner/work/SkiaSharp.Extended/SkiaSharp.Extended/source/SkiaSharp.Extended.Gif/Decoding/GifParser.cs" />
        <File uid="11" fullPath="/home/runner/work/SkiaSharp.Extended/SkiaSharp.Extended/source/SkiaSharp.Extended.Gif/Codec/LzwDecoder.cs" />
        <File uid="12" fullPath="/home/runner/work/SkiaSharp.Extended/SkiaSharp.Extended/source/SkiaSharp.Extended.Gif/Codec/LzwEncoder.cs" />
      </Files>
      <Classes>
        <Class>
          <Summary numSequencePoints="103" visitedSequencePoints="93" numBranchPoints="39" visitedBranchPoints="29" sequenceCoverage="90.29" branchCoverage="74.35" maxCyclomaticComplexity="12" minCyclomaticComplexity="1" visitedClasses="1" numClasses="1" visitedMethods="13" numMethods="13" />
          <FullName>SkiaSharp.Extended.Gif.SKGifDecoder</FullName>
          <Methods>
            <Method cyclomaticComplexity="1" nPathComplexity="1" sequenceCoverage="100" branchCoverage="100" isConstructor="False" isGetter="True" isSetter="False" isStatic="True">
              <Summary numSequencePoints="1" visitedSequencePoints="1" numBranchPoints="0" visitedBranchPoints="0" sequenceCoverage="100" branchCoverage="100" maxCyclomaticComplexity="1" minCyclomaticComplexity="1" visitedClasses="0" numClasses="0" visitedMethods="1" numMethods="1" />
              <MetadataToken />
              <Name>SkiaSharp.SKImageInfo SkiaSharp.Extended.Gif.SKGifDecoder::get_Info()</Name>
              <FileRef uid="1" />
              <SequencePoints>
                <SequencePoint vc="32" uspid="29" ordinal="0" sl="29" sc="1" el="29" ec="2" bec="0" bev="0" fileid="1" />
              </SequencePoints>
              <BranchPoints />
              <MethodPoint vc="1" uspid="0" p8:type="SequencePoint" ordinal="0" offset="0" sc="0" sl="29" ec="1" el="29" bec="0" bev="0" fileid="1" xmlns:p8="xsi" />
            </Method>
            <Method cyclomaticComplexity="1" nPathComplexity="1" sequenceCoverage="100" branchCoverage="100" isConstructor="False" isGetter="True" isSetter="False" isStatic="True">
              <Summary numSequencePoints="1" visitedSequencePoints="1" numBranchPoints="0" visitedBranchPoints="0" sequenceCoverage="100" branchCoverage="100" maxCyclomaticComplexity="1" minCyclomaticComplexity="1" visitedClasses="0" numClasses="0" visitedMethods="1" numMethods="1" />
              <MetadataToken />
              <Name>SkiaSharp.Extended.Gif.SKGifInfo SkiaSharp.Extended.Gif.SKGifDecoder::get_GifInfo()</Name>
              <FileRef uid="1" />
              <SequencePoints>
                <SequencePoint vc="42" uspid="34" ordinal="0" sl="34" sc="1" el="34" ec="2" bec="0" bev="0" fileid="1" />
              </SequencePoints>
              <BranchPoints />
              <MethodPoint vc="1" uspid="0" p8:type="SequencePoint" ordinal="1" offset="1" sc="0" sl="34" ec="1" el="34" bec="0" bev="0" fileid="1" xmlns:p8="xsi" />
            </Method>
            <Method cyclomaticComplexity="1" nPathComplexity="1" sequenceCoverage="100" branchCoverage="100" isConstructor="False" isGetter="True" isSetter="False" isStatic="True">
              <Summary numSequencePoints="1" visitedSequencePoints="1" numBranchPoints="0" visitedBranchPoints="0" sequenceCoverage="100" branchCoverage="100" maxCyclomaticComplexity="1" minCyclomaticComplexity="1" visitedClasses="0" numClasses="0" visitedMethods="1" numMethods="1" />
              <MetadataToken />
              <Name>System.Int32 SkiaSharp.Extended.Gif.SKGifDecoder::get_FrameCount()</Name>
              <FileRef uid="1" />
              <SequencePoints>
                <SequencePoint vc="8" uspid="40" ordinal="0" sl="40" sc="1" el="40" ec="2" bec="0" bev="0" fileid="1" />
              </SequencePoints>
              <BranchPoints />
              <MethodPoint vc="1" uspid="0" p8:type="SequencePoint" ordinal="2" offset="2" sc="0" sl="40" ec="1" el="40" bec="0" bev="0" fileid="1" xmlns:p8="xsi" />
            </Method>
            <Method cyclomaticComplexity="1" nPathComplexity="1" sequenceCoverage="100" branchCoverage="100" isConstructor="False" isGetter="True" isSetter="False" isStatic="True">
              <Summary numSequencePoints="1" visitedSequencePoints="1" numBranchPoints="0" visitedBranchPoints="0" sequenceCoverage="100" branchCoverage="100" maxCyclomaticComplexity="1" minCyclomaticComplexity="1" visitedClasses="0" numClasses="0" visitedMethods="1" numMethods="1" />
              <MetadataToken />
              <Name>SkiaSharp.Extended.Gif.SKGifFrameInfo[] SkiaSharp.Extended.Gif.SKGifDecoder::get_FrameInfo()</Name>
              <FileRef uid="1" />
              <SequencePoints>
                <SequencePoint vc="39" uspid="46" ordinal="0" sl="46" sc="1" el="46" ec="2" bec="0" bev="0" fileid="1" />
              </SequencePoints>
              <BranchPoints />
              <MethodPoint vc="1" uspid="0" p8:type="SequencePoint" ordinal="3" offset="3" sc="0" sl="46" ec="1" el="46" bec="0" bev="0" fileid="1" xmlns:p8="xsi" />
            </Method>
            <Method cyclomaticComplexity="2" nPathComplexity="2" sequenceCoverage="100" branchCoverage="100" isConstructor="False" isGetter="False" isSetter="False" isStatic="True">
              <Summary numSequencePoints="9" visitedSequencePoints="9" numBranchPoints="2" visitedBranchPoints="2" sequenceCoverage="100" branchCoverage="100" maxCyclomaticComplexity="2" minCyclomaticComplexity="2" visitedClasses="0" numClasses="0" visitedMethods="1" numMethods="1" />
              <MetadataToken />
              <Name>SkiaSharp.Extended.Gif.SKGifDecoder SkiaSharp.Extended.Gif.SKGifDecoder::Create(System.IO.Stream)</Name>
              <FileRef uid="1" />
              <SequencePoints>
                <SequencePoint vc="19" uspid="57" ordinal="0" sl="57" sc="1" el="57" ec="2" bec="0" bev="0" fileid="1" />
                <SequencePoint vc="19" uspid="58" ordinal="1" sl="58" sc="1" el="58" ec="2" bec="2" bev="2" fileid="1" />
                <SequencePoint vc="2" uspid="59" ordinal="2" sl="59" sc="1" el="59" ec="2" bec="0" bev="0" fileid="1" />
                <SequencePoint vc="17" uspid="62" ordinal="3" sl="62" sc="1" el="62" ec="2" bec="0" bev="0" fileid="1" />
                <SequencePoint vc="17" uspid="63" ordinal="4" sl="63" sc="1" el="63" ec="2" bec="0" bev="0" fileid="1" />
                <SequencePoint vc="15" uspid="66" ordinal="5" sl="66" sc="1" el="66" ec="2" bec="0" bev="0" fileid="1" />
                <SequencePoint vc="15" uspid="67" ordinal="6" sl="67" sc="1" el="67" ec="2" bec="0" bev="0" fileid="1" />
                <SequencePoint vc="15" uspid="68" ordinal="7" sl="68" sc="1" el="68" ec="2" bec="0" bev="0" fileid="1" />
                <SequencePoint vc="15" uspid="69" ordinal="8" sl="69" sc="1" el="69" ec="2" bec="0" bev="0" fileid="1" />
              </SequencePoints>
              <BranchPoints>
                <BranchPoint vc="2" uspid="58" ordinal="0" path="0" offset="7" offsetend="9" sl="58" fileid="1" />
                <BranchPoint vc="17" uspid="58" ordinal="1" path="1" offset="7" offsetend="20" sl="58" fileid="1" />
              </BranchPoints>
              <MethodPoint vc="9" uspid="0" p8:type="SequencePoint" ordinal="4" offset="4" sc="0" sl="57" ec="1" el="69" bec="0" bev="0" fileid="1" xmlns:p8="xsi" />
            </Method>
            <Method cyclomaticComplexity="4" nPathComplexity="4" sequenceCoverage="60" branchCoverage="75" isConstructor="False" isGetter="False" isSetter="False" isStatic="True">
              <Summary numSequencePoints="5" visitedSequencePoints="3" numBranchPoints="4" visitedBranchPoints="3" sequenceCoverage="60" branchCoverage="75" maxCyclomaticComplexity="4" minCyclomaticComplexity="4" visitedClasses="0" numClasses="0" visitedMethods="1" numMethods="1" />
              <MetadataToken />
              <Name>SkiaSharp.Extended.Gif.SKGifFrameInfo SkiaSharp.Extended.Gif.SKGifDecoder::GetFrameInfo(System.Int32)</Name>
              <FileRef uid="1" />
              <SequencePoints>
                <SequencePoint vc="2" uspid="78" ordinal="0" sl="78" sc="1" el="78" ec="2" bec="0" bev="0" fileid="1" />
                <SequencePoint vc="2" uspid="79" ordinal="1" sl="79" sc="1" el="79" ec="2" bec="4" bev="3" fileid="1" />
                <SequencePoint vc="2" uspid="80" ordinal="2" sl="80" sc="1" el="80" ec="2" bec="0" bev="0" fileid="1" />
                <SequencePoint vc="0" uspid="82" ordinal="3" sl="82" sc="1" el="82" ec="2" bec="0" bev="0" fileid="1" />
                <SequencePoint vc="0" uspid="83" ordinal="4" sl="83" sc="1" el="83" ec="2" bec="0" bev="0" fileid="1" />
              </SequencePoints>
              <BranchPoints>
                <BranchPoint vc="1" uspid="79" ordinal="0" path="0" offset="3" offsetend="5" sl="79" fileid="1" />
                <BranchPoint vc="1" uspid="79" ordinal="1" path="1" offset="3" offsetend="19" sl="79" fileid="1" />
                <BranchPoint vc="2" uspid="79" ordinal="2" path="0" offset="22" offsetend="24" sl="79" fileid="1" />
                <BranchPoint vc="0" uspid="79" ordinal="3" path="1" offset="22" offsetend="35" sl="79" fileid="1" />
              </BranchPoints>
              <MethodPoint vc="3" uspid="0" p8:type="SequencePoint" ordinal="5" offset="5" sc="0" sl="78" ec="1" el="83" bec="0" bev="0" fileid="1" xmlns:p8="xsi" />
            </Method>
            <Method cyclomaticComplexity="4" nPathComplexity="4" sequenceCoverage="100" branchCoverage="100" isConstructor="False" isGetter="False" isSetter="False" isStatic="True">
              <Summary numSequencePoints="15" visitedSequencePoints="15" numBranchPoints="4" visitedBranchPoints="4" sequenceCoverage="100" branchCoverage="100" maxCyclomaticComplexity="4" minCyclomaticComplexity="4" visitedClasses="0" numClasses="0" visitedMethods="1" numMethods="1" />
              <MetadataToken />
              <Name>SkiaSharp.Extended.Gif.SKGifFrame SkiaSharp.Extended.Gif.SKGifDecoder::GetFrame(System.Int32)</Name>
              <FileRef uid="1" />
              <SequencePoints>
                <SequencePoint vc="6" uspid="92" ordinal="0" sl="92" sc="1" el="92" ec="2" bec="0" bev="0" fileid="1" />
                <SequencePoint vc="6" uspid="93" ordinal="1" sl="93" sc="1" el="93" ec="2" bec="4" bev="4" fileid="1" />
                <SequencePoint vc="2" uspid="94" ordinal="2" sl="94" sc="1" el="94" ec="2" bec="0" bev="0" fileid="1" />
                <SequencePoint vc="4" uspid="96" ordinal="3" sl="96" sc="1" el="96" ec="2" bec="0" bev="0" fileid="1" />
                <SequencePoint vc="4" uspid="97" ordinal="4" sl="97" sc="1" el="97" ec="2" bec="0" bev="0" fileid="1" />
                <SequencePoint vc="4" uspid="100" ordinal="5" sl="100" sc="1" el="100" ec="2" bec="0" bev="0" fileid="1" />
                <SequencePoint vc="4" uspid="101" ordinal="6" sl="101" sc="1" el="101" ec="2" bec="0" bev="0" fileid="1" />
                <SequencePoint vc="4" uspid="102" ordinal="7" sl="102" sc="1" el="102" ec="2" bec="0" bev="0" fileid="1" />
                <SequencePoint vc="4" uspid="103" ordinal="8" sl="103" sc="1" el="103" ec="2" bec="0" bev="0" fileid="1" />
                <SequencePoint vc="4" uspid="105" ordinal="9" sl="105" sc="1" el="105" ec="2" bec="0" bev="0" fileid="1" />
                <SequencePoint vc="4" uspid="106" ordinal="10" sl="106" sc="1" el="106" ec="2" bec="0" bev="0" fileid="1" />
                <SequencePoint vc="4" uspid="107" ordinal="11" sl="107" sc="1" el="107" ec="2" bec="0" bev="0" fileid="1" />
                <SequencePoint vc="4" uspid="108" ordinal="12" sl="108" sc="1" el="108" ec="2" bec="0" bev="0" fileid="1" />
                <SequencePoint vc="4" uspid="109" ordinal="13" sl="109" sc="1" el="109" ec="2" bec="0" bev="0" fileid="1" />
                <SequencePoint vc="4" uspid="110" ordinal="14" sl="110" sc="1" el="110" ec="2" bec="0" bev="0" fileid="1" />
              </SequencePoints>
              <BranchPoints>
                <BranchPoint vc="5" uspid="93" ordinal="0" path="0" offset="3" offsetend="5" sl="93" fileid="1" />
                <BranchPoint vc="1" uspid="93" ordinal="1" path="1" offset="3" offsetend="19" sl="93" fileid="1" />
                <BranchPoint vc="2" uspid="93" ordinal="2" path="0" offset="22" offsetend="24" sl="93" fileid="1" />
                <BranchPoint vc="4" uspid="93" ordinal="3" path="1" offset="22" offsetend="35" sl="93" fileid="1" />
              </BranchPoints>
              <MethodPoint vc="15" uspid="0" p8:type="SequencePoint" ordinal="6" offset="6" sc="0" sl="92" ec="1" el="110" bec="0" bev="0" fileid="1" xmlns:p8="xsi" />
            </Method>
            <Method cyclomaticComplexity="2" nPathComplexity="2" sequenceCoverage="100" branchCoverage="100" isConstructor="False" isGetter="False" isSetter="False" isStatic="True">
              <Summary numSequencePoints="7" visitedSequencePoints="7" numBranchPoints="2" visitedBranchPoints="2" sequenceCoverage="100" branchCoverage="100" maxCyclomaticComplexity="2" minCyclomaticComplexity="2" visitedClasses="0" numClasses="0" visitedMethods="1" numMethods="1" />
              <MetadataToken />
              <Name>System.Void SkiaSharp.Extended.Gif.SKGifDecoder::Dispose()</Name>
              <FileRef uid="1" />
              <SequencePoints>
                <SequencePoint vc="16" uspid="116" ordinal="0" sl="116" sc="1" el="116" ec="2" bec="0" bev="0" fileid="1" />
                <SequencePoint vc="16" uspid="117" ordinal="1" sl="117" sc="1" el="117" ec="2" bec="2" bev="2" fileid="1" />
                <SequencePoint vc="15" uspid="118" ordinal="2" sl="118" sc="1" el="118" ec="2" bec="0" bev="0" fileid="1" />
                <SequencePoint vc="15" uspid="119" ordinal="3" sl="119" sc="1" el="119" ec="2" bec="0" bev="0" fileid="1" />
                <SequencePoint vc="15" uspid="120" ordinal="4" sl="120" sc="1" el="120" ec="2" bec="0" bev="0" fileid="1" />
                <SequencePoint vc="16" uspid="122" ordinal="5" sl="122" sc="1" el="122" ec="2" bec="0" bev="0" fileid="1" />
                <SequencePoint vc="16" uspid="123" ordinal="6" sl="123" sc="1" el="123" ec="2" bec="0" bev="0" fileid="1" />
              </SequencePoints>
              <BranchPoints>
                <BranchPoint vc="15" uspid="117" ordinal="0" path="0" offset="12" offsetend="14" sl="117" fileid="1" />
                <BranchPoint vc="16" uspid="117" ordinal="1" path="1" offset="12" offsetend="23" sl="117" fileid="1" />
              </BranchPoints>
              <MethodPoint vc="7" uspid="0" p8:type="SequencePoint" ordinal="7" offset="7" sc="0" sl="116" ec="1" el="123" bec="0" bev="0" fileid="1" xmlns:p8="xsi" />
            </Method>
            <Method cyclomaticComplexity="1" nPathComplexity="1" sequenceCoverage="100" branchCoverage="100" isConstructor="False" isGetter="False" isSetter="False" isStatic="True">
              <Summary numSequencePoints="15" visitedSequencePoints="15" numBranchPoints="0" visitedBranchPoints="0" sequenceCoverage="100" branchCoverage="100" maxCyclomaticComplexity="1" minCyclomaticComplexity="1" visitedClasses="0" numClasses="0" visitedMethods="1" numMethods="1" />
              <MetadataToken />
              <Name>System.Void SkiaSharp.Extended.Gif.SKGifDecoder::Initialize()</Name>
              <FileRef uid="1" />
              <SequencePoints>
                <SequencePoint vc="15" uspid="126" ordinal="0" sl="126" sc="1" el="126" ec="2" bec="0" bev="0" fileid="1" />
                <SequencePoint vc="15" uspid="127" ordinal="1" sl="127" sc="1" el="127" ec="2" bec="0" bev="0" fileid="1" />
                <SequencePoint vc="15" uspid="130" ordinal="2" sl="130" sc="1" el="130" ec="2" bec="0" bev="0" fileid="1" />
                <SequencePoint vc="15" uspid="131" ordinal="3" sl="131" sc="1" el="131" ec="2" bec="0" bev="0" fileid="1" />
                <SequencePoint vc="15" uspid="132" ordinal="4" sl="132" sc="1" el="132" ec="2" bec="0" bev="0" fileid="1" />
                <SequencePoint vc="15" uspid="133" ordinal="5" sl="133" sc="1" el="133" ec="2" bec="0" bev="0" fileid="1" />
                <SequencePoint vc="15" uspid="134" ordinal="6" sl="134" sc="1" el="134" ec="2" bec="0" bev="0" fileid="1" />
                <SequencePoint vc="15" uspid="137" ordinal="7" sl="137" sc="1" el="137" ec="2" bec="0" bev="0" fileid="1" />
                <SequencePoint vc="15" uspid="138" ordinal="8" sl="138" sc="1" el="138" ec="2" bec="0" bev="0" fileid="1" />
                <SequencePoint vc="15" uspid="139" ordinal="9" sl="139" sc="1" el="139" ec="2" bec="0" bev="0" fileid="1" />
                <SequencePoint vc="15" uspid="140" ordinal="10" sl="140" sc="1" el="140" ec="2" bec="0" bev="0" fileid="1" />
                <SequencePoint vc="15" uspid="141" ordinal="11" sl="141" sc="1" el="141" ec="2" bec="0" bev="0" fileid="1" />
                <SequencePoint vc="15" uspid="142" ordinal="12" sl="142" sc="1" el="142" ec="2" bec="0" bev="0" fileid="1" />
                <SequencePoint vc="31" uspid="145" ordinal="13" sl="145" sc="1" el="145" ec="2" bec="0" bev="0" fileid="1" />
                <SequencePoint vc="15" uspid="146" ordinal="14" sl="146" sc="1" el="146" ec="2" bec="0" bev="0" fileid="1" />
              </SequencePoints>
              <BranchPoints />
              <MethodPoint vc="15" uspid="0" p8:type="SequencePoint" ordinal="8" offset="8" sc="0" sl="126" ec="1" el="146" bec="0" bev="0" fileid="1" xmlns:p8="xsi" />
            </Method>
            <Method cyclomaticComplexity="12" nPathComplexity="12" sequenceCoverage="86.95" branchCoverage="83.33" isConstructor="False" isGetter="False" isSetter="False" isStatic="True">
              <Summary numSequencePoints="23" visitedSequencePoints="20" numBranchPoints="12" visitedBranchPoints="10" sequenceCoverage="86.95" branchCoverage="83.33" maxCyclomaticComplexity="12" minCyclomaticComplexity="12" visitedClasses="0" numClasses="0" visitedMethods="1" numMethods="1" />
              <MetadataToken />
              <Name>SkiaSharp.Extended.Gif.SKGifFrameInfo SkiaSharp.Extended.Gif.SKGifDecoder::CreateFrameInfo(SkiaSharp.Extended.Gif.Decoding.ParsedFrame,System.Int32)</Name>
              <FileRef uid="1" />
              <SequencePoints>
                <SequencePoint vc="16" uspid="149" ordinal="0" sl="149" sc="1" el="149" ec="2" bec="0" bev="0" fileid="1" />
                <SequencePoint vc="16" uspid="150" ordinal="1" sl="150" sc="1" el="150" ec="2" bec="0" bev="0" fileid="1" />
                <SequencePoint vc="16" uspid="151" ordinal="2" sl="151" sc="1" el="151" ec="2" bec="0" bev="0" fileid="1" />
                <SequencePoint vc="16" uspid="154" ordinal="3" sl="154" sc="1" el="154" ec="2" bec="0" bev="0" fileid="1" />
                <SequencePoint vc="16" uspid="155" ordinal="4" sl="155" sc="1" el="155" ec="2" bec="2" bev="2" fileid="1" />
                <SequencePoint vc="1" uspid="156" ordinal="5" sl="156" sc="1" el="156" ec="2" bec="0" bev="0" fileid="1" />
                <SequencePoint vc="1" uspid="157" ordinal="6" sl="157" sc="1" el="157" ec="2" bec="0" bev="0" fileid="1" />
                <SequencePoint vc="1" uspid="158" ordinal="7" sl="158" sc="1" el="158" ec="2" bec="2" bev="1" fileid="1" />
                <SequencePoint vc="1" uspid="161" ordinal="8" sl="161" sc="1" el="161" ec="2" bec="2" bev="1" fileid="1" />
                <SequencePoint vc="0" uspid="162" ordinal="9" sl="162" sc="1" el="162" ec="2" bec="0" bev="0" fileid="1" />
                <SequencePoint vc="0" uspid="163" ordinal="10" sl="163" sc="1" el="163" ec="2" bec="0" bev="0" fileid="1" />
                <SequencePoint vc="0" uspid="164" ordinal="11" sl="164" sc="1" el="164" ec="2" bec="0" bev="0" fileid="1" />
                <SequencePoint vc="1" uspid="165" ordinal="12" sl="165" sc="1" el="165" ec="2" bec="0" bev="0" fileid="1" />
                <SequencePoint vc="16" uspid="167" ordinal="13" sl="167" sc="1" el="167" ec="2" bec="6" bev="6" fileid="1" />
                <SequencePoint vc="16" uspid="168" ordinal="14" sl="168" sc="1" el="168" ec="2" bec="0" bev="0" fileid="1" />
                <SequencePoint vc="16" uspid="169" ordinal="15" sl="169" sc="1" el="169" ec="2" bec="0" bev="0" fileid="1" />
                <SequencePoint vc="16" uspid="170" ordinal="16" sl="170" sc="1" el="170" ec="2" bec="0" bev="0" fileid="1" />
                <SequencePoint vc="16" uspid="171" ordinal="17" sl="171" sc="1" el="171" ec="2" bec="0" bev="0" fileid="1" />
                <SequencePoint vc="16" uspid="172" ordinal="18" sl="172" sc="1" el="172" ec="2" bec="0" bev="0" fileid="1" />
                <SequencePoint vc="16" uspid="173" ordinal="19" sl="173" sc="1" el="173" ec="2" bec="0" bev="0" fileid="1" />
                <SequencePoint vc="16" uspid="174" ordinal="20" sl="174" sc="1" el="174" ec="2" bec="0" bev="0" fileid="1" />
                <SequencePoint vc="16" uspid="175" ordinal="21" sl="175" sc="1" el="175" ec="2" bec="0" bev="0" fileid="1" />
                <SequencePoint vc="16" uspid="176" ordinal="22" sl="176" sc="1" el="176" ec="2" bec="0" bev="0" fileid="1" />
              </SequencePoints>
              <BranchPoints>
                <BranchPoint vc="1" uspid="155" ordinal="0" path="0" offset="23" offsetend="25" sl="155" fileid="1" />
                <BranchPoint vc="1" uspid="158" ordinal="2" path="0" offset="55" offsetend="57" sl="158" fileid="1" />
                <BranchPoint vc="0" uspid="158" ordinal="3" path="1" offset="55" offsetend="60" sl="158" fileid="1" />
                <BranchPoint vc="0" uspid="161" ordinal="4" path="0" offset="87" offsetend="89" sl="161" fileid="1" />
                <BranchPoint vc="1" uspid="161" ordinal="5" path="1" offset="87" offsetend="95" sl="161" fileid="1" />
                <BranchPoint vc="16" uspid="155" ordinal="1" path="1" offset="23" offsetend="96" sl="155" fileid="1" />
                <BranchPoint vc="13" uspid="167" ordinal="6" path="0" offset="113" offsetend="115" sl="167" fileid="1" />
                <BranchPoint vc="3" uspid="167" ordinal="7" path="1" offset="113" offsetend="118" sl="167" fileid="1" />
                <BranchPoint vc="13" uspid="167" ordinal="8" path="0" offset="150" offsetend="152" sl="167" fileid="1" />
                <BranchPoint vc="3" uspid="167" ordinal="9" path="1" offset="150" offsetend="155" sl="167" fileid="1" />
                <BranchPoint vc="13" uspid="167" ordinal="10" path="0" offset="257" offsetend="259" sl="167" fileid="1" />
                <BranchPoint vc="3" uspid="167" ordinal="11" path="1" offset="257" offsetend="262" sl="167" fileid="1" />
              </BranchPoints>
              <MethodPoint vc="20" uspid="0" p8:type="SequencePoint" ordinal="9" offset="9" sc="0" sl="149" ec="1" el="176" bec="0" bev="0" fileid="1" xmlns:p8="xsi" />
            </Method>
            <Method cyclomaticComplexity="5" nPathComplexity="5" sequenceCoverage="60" branchCoverage="20" isConstructor="False" isGetter="False" isSetter="False" isStatic="True">
              <Summary numSequencePoints="10" visitedSequencePoints="6" numBranchPoints="5" visitedBranchPoints="1" sequenceCoverage="60" branchCoverage="20" maxCyclomaticComplexity="5" minCyclomaticComplexity="5" visitedClasses="0" numClasses="0" visitedMethods="1" numMethods="1" />
              <MetadataToken />
              <Name>SkiaSharp.Extended.Gif.SKGifDisposalMethod SkiaSharp.Extended.Gif.SKGifDecoder::MapDisposalMethod(System.Byte)</Name>
              <FileRef uid="1" />
              <SequencePoints>
                <SequencePoint vc="16" uspid="179" ordinal="0" sl="179" sc="1" el="179" ec="2" bec="0" bev="0" fileid="1" />
                <SequencePoint vc="16" uspid="180" ordinal="1" sl="180" sc="1" el="180" ec="2" bec="5" bev="1" fileid="1" />
                <SequencePoint vc="16" uspid="181" ordinal="2" sl="181" sc="1" el="181" ec="2" bec="0" bev="0" fileid="1" />
                <SequencePoint vc="16" uspid="182" ordinal="3" sl="182" sc="1" el="182" ec="2" bec="0" bev="0" fileid="1" />
                <SequencePoint vc="0" uspid="183" ordinal="4" sl="183" sc="1" el="183" ec="2" bec="0" bev="0" fileid="1" />
                <SequencePoint vc="0" uspid="184" ordinal="5" sl="184" sc="1" el="184" ec="2" bec="0" bev="0" fileid="1" />
                <SequencePoint vc="0" uspid="185" ordinal="6" sl="185" sc="1" el="185" ec="2" bec="0" bev="0" fileid="1" />
                <SequencePoint vc="0" uspid="186" ordinal="7" sl="186" sc="1" el="186" ec="2" bec="0" bev="0" fileid="1" />
                <SequencePoint vc="16" uspid="187" ordinal="8" sl="187" sc="1" el="187" ec="2" bec="0" bev="0" fileid="1" />
                <SequencePoint vc="16" uspid="188" ordinal="9" sl="188" sc="1" el="188" ec="2" bec="0" bev="0" fileid="1" />
              </SequencePoints>
              <BranchPoints>
                <BranchPoint vc="16" uspid="180" ordinal="1" path="1" offset="6" offsetend="29" sl="180" fileid="1" />
                <BranchPoint vc="0" uspid="180" ordinal="2" path="2" offset="6" offsetend="33" sl="180" fileid="1" />
                <BranchPoint vc="0" uspid="180" ordinal="3" path="3" offset="6" offsetend="37" sl="180" fileid="1" />
                <BranchPoint vc="0" uspid="180" ordinal="4" path="4" offset="6" offsetend="41" sl="180" fileid="1" />
                <BranchPoint vc="0" uspid="180" ordinal="0" path="0" offset="6" offsetend="45" sl="180" fileid="1" />
              </BranchPoints>
              <MethodPoint vc="6" uspid="0" p8:type="SequencePoint" ordinal="10" offset="10" sc="0" sl="179" ec="1" el="188" bec="0" bev="0" fileid="1" xmlns:p8="xsi" />
            </Method>
            <Method cyclomaticComplexity="6" nPathComplexity="6" sequenceCoverage="90" branchCoverage="83.33" isConstructor="False" isGetter="False" isSetter="False" isStatic="True">
              <Summary numSequencePoints="10" visitedSequencePoints="9" numBranchPoints="6" visitedBranchPoints="5" sequenceCoverage="90" branchCoverage="83.33" maxCyclomaticComplexity="6" minCyclomaticComplexity="6" visitedClasses="0" numClasses="0" visitedMethods="1" numMethods="1" />
              <MetadataToken />
              <Name>System.Nullable`1&lt;SkiaSharp.SKColor&gt; SkiaSharp.Extended.Gif.SKGifDecoder::GetTransparentColor(SkiaSharp.Extended.Gif.Decoding.ParsedFrame)</Name>
              <FileRef uid="1" />
              <SequencePoints>
                <SequencePoint vc="16" uspid="191" ordinal="0" sl="191" sc="1" el="191" ec="2" bec="0" bev="0" fileid="1" />
                <SequencePoint vc="16" uspid="192" ordinal="1" sl="192" sc="1" el="192" ec="2" bec="0" bev="0" fileid="1" />
                <SequencePoint vc="16" uspid="193" ordinal="2" sl="193" sc="1" el="193" ec="2" bec="4" bev="4" fileid="1" />
                <SequencePoint vc="15" uspid="194" ordinal="3" sl="194" sc="1" el="194" ec="2" bec="0" bev="0" fileid="1" />
                <SequencePoint vc="1" uspid="196" ordinal="4" sl="196" sc="1" el="196" ec="2" bec="0" bev="0" fileid="1" />
                <SequencePoint vc="1" uspid="197" ordinal="5" sl="197" sc="1" el="197" ec="2" bec="0" bev="0" fileid="1" />
                <SequencePoint vc="1" uspid="199" ordinal="6" sl="199" sc="1" el="199" ec="2" bec="2" bev="1" fileid="1" />
                <SequencePoint vc="1" uspid="200" ordinal="7" sl="200" sc="1" el="200" ec="2" bec="0" bev="0" fileid="1" />
                <SequencePoint vc="0" uspid="202" ordinal="8" sl="202" sc="1" el="202" ec="2" bec="0" bev="0" fileid="1" />
                <SequencePoint vc="16" uspid="203" ordinal="9" sl="203" sc="1" el="203" ec="2" bec="0" bev="0" fileid="1" />
              </SequencePoints>
              <BranchPoints>
                <BranchPoint vc="3" uspid="193" ordinal="0" path="0" offset="15" offsetend="17" sl="193" fileid="1" />
                <BranchPoint vc="13" uspid="193" ordinal="1" path="1" offset="15" offsetend="38" sl="193" fileid="1" />
                <BranchPoint vc="15" uspid="193" ordinal="2" path="0" offset="41" offsetend="43" sl="193" fileid="1" />
                <BranchPoint vc="1" uspid="193" ordinal="3" path="1" offset="41" offsetend="57" sl="193" fileid="1" />
                <BranchPoint vc="1" uspid="199" ordinal="4" path="0" offset="91" offsetend="93" sl="199" fileid="1" />
                <BranchPoint vc="0" uspid="199" ordinal="5" path="1" offset="91" offsetend="109" sl="199" fileid="1" />
              </BranchPoints>
              <MethodPoint vc="9" uspid="0" p8:type="SequencePoint" ordinal="11" offset="11" sc="0" sl="191" ec="1" el="203" bec="0" bev="0" fileid="1" xmlns:p8="xsi" />
            </Method>
            <Method cyclomaticComplexity="4" nPathComplexity="4" sequenceCoverage="100" branchCoverage="50" isConstructor="True" isGetter="False" isSetter="False" isStatic="True">
              <Summary numSequencePoints="5" visitedSequencePoints="5" numBranchPoints="4" visitedBranchPoints="2" sequenceCoverage="100" branchCoverage="50" maxCyclomaticComplexity="4" minCyclomaticComplexity="4" visitedClasses="0" numClasses="0" visitedMethods="1" numMethods="1" />
              <MetadataToken />
              <Name>System.Void SkiaSharp.Extended.Gif.SKGifDecoder::.ctor(System.IO.Stream,SkiaSharp.Extended.Gif.Decoding.ParsedGif)</Name>
              <FileRef uid="1" />
              <SequencePoints>
                <SequencePoint vc="15" uspid="19" ordinal="0" sl="19" sc="1" el="19" ec="2" bec="0" bev="0" fileid="1" />
                <SequencePoint vc="15" uspid="20" ordinal="1" sl="20" sc="1" el="20" ec="2" bec="0" bev="0" fileid="1" />
                <SequencePoint vc="15" uspid="21" ordinal="2" sl="21" sc="1" el="21" ec="2" bec="2" bev="1" fileid="1" />
                <SequencePoint vc="15" uspid="22" ordinal="3" sl="22" sc="1" el="22" ec="2" bec="2" bev="1" fileid="1" />
                <SequencePoint vc="15" uspid="23" ordinal="4" sl="23" sc="1" el="23" ec="2" bec="0" bev="0" fileid="1" />
              </SequencePoints>
              <BranchPoints>
                <BranchPoint vc="0" uspid="21" ordinal="0" path="0" offset="25" offsetend="27" sl="21" fileid="1" />
                <BranchPoint vc="15" uspid="21" ordinal="1" path="1" offset="25" offsetend="39" sl="21" fileid="1" />
                <BranchPoint vc="0" uspid="22" ordinal="2" path="0" offset="47" offsetend="49" sl="22" fileid="1" />
                <BranchPoint vc="15" uspid="22" ordinal="3" path="1" offset="47" offsetend="61" sl="22" fileid="1" />
              </BranchPoints>
              <MethodPoint vc="5" uspid="0" p8:type="SequencePoint" ordinal="12" offset="12" sc="0" sl="19" ec="1" el="23" bec="0" bev="0" fileid="1" xmlns:p8="xsi" />
            </Method>
          </Methods>
        </Class>
        <Class>
          <Summary numSequencePoints="130" visitedSequencePoints="31" numBranchPoints="36" visitedBranchPoints="10" sequenceCoverage="23.84" branchCoverage="27.77" maxCyclomaticComplexity="8" minCyclomaticComplexity="1" visitedClasses="1" numClasses="1" visitedMethods="6" numMethods="10" />
          <FullName>SkiaSharp.Extended.Gif.SKGifEncoder</FullName>
          <Methods>
            <Method cyclomaticComplexity="2" nPathComplexity="2" sequenceCoverage="80" branchCoverage="50" isConstructor="False" isGetter="False" isSetter="False" isStatic="True">
              <Summary numSequencePoints="5" visitedSequencePoints="4" numBranchPoints="2" visitedBranchPoints="1" sequenceCoverage="80" branchCoverage="50" maxCyclomaticComplexity="2" minCyclomaticComplexity="2" visitedClasses="0" numClasses="0" visitedMethods="1" numMethods="1" />
              <MetadataToken />
              <Name>System.Void SkiaSharp.Extended.Gif.SKGifEncoder::SetLoopCount(System.Int32)</Name>
              <FileRef uid="2" />
              <SequencePoints>
                <SequencePoint vc="7" uspid="42" ordinal="0" sl="42" sc="1" el="42" ec="2" bec="0" bev="0" fileid="2" />
                <SequencePoint vc="7" uspid="43" ordinal="1" sl="43" sc="1" el="43" ec="2" bec="2" bev="1" fileid="2" />
                <SequencePoint vc="0" uspid="44" ordinal="2" sl="44" sc="1" el="44" ec="2" bec="0" bev="0" fileid="2" />
                <SequencePoint vc="7" uspid="46" ordinal="3" sl="46" sc="1" el="46" ec="2" bec="0" bev="0" fileid="2" />
                <SequencePoint vc="7" uspid="47" ordinal="4" sl="47" sc="1" el="47" ec="2" bec="0" bev="0" fileid="2" />
              </SequencePoints>
              <BranchPoints>
                <BranchPoint vc="0" uspid="43" ordinal="0" path="0" offset="9" offsetend="11" sl="43" fileid="2" />
                <BranchPoint vc="7" uspid="43" ordinal="1" path="1" offset="9" offsetend="22" sl="43" fileid="2" />
              </BranchPoints>
              <MethodPoint vc="4" uspid="0" p8:type="SequencePoint" ordinal="0" offset="0" sc="0" sl="42" ec="1" el="47" bec="0" bev="0" fileid="2" xmlns:p8="xsi" />
            </Method>
            <Method cyclomaticComplexity="2" nPathComplexity="2" sequenceCoverage="23.07" branchCoverage="50" isConstructor="False" isGetter="False" isSetter="False" isStatic="True">
              <Summary numSequencePoints="13" visitedSequencePoints="3" numBranchPoints="2" visitedBranchPoints="1" sequenceCoverage="23.07" branchCoverage="50" maxCyclomaticComplexity="2" minCyclomaticComplexity="2" visitedClasses="0" numClasses="0" visitedMethods="1" numMethods="1" />
              <MetadataToken />
              <Name>System.Void SkiaSharp.Extended.Gif.SKGifEncoder::AddFrame(SkiaSharp.SKBitmap,System.Int32)</Name>
              <FileRef uid="2" />
              <SequencePoints>
                <SequencePoint vc="2" uspid="55" ordinal="0" sl="55" sc="1" el="55" ec="2" bec="0" bev="0" fileid="2" />
                <SequencePoint vc="2" uspid="56" ordinal="1" sl="56" sc="1" el="56" ec="2" bec="2" bev="1" fileid="2" />
                <SequencePoint vc="2" uspid="57" ordinal="2" sl="57" sc="1" el="57" ec="2" bec="0" bev="0" fileid="2" />
                <SequencePoint vc="0" uspid="59" ordinal="3" sl="59" sc="1" el="59" ec="2" bec="0" bev="0" fileid="2" />
                <SequencePoint vc="0" uspid="60" ordinal="4" sl="60" sc="1" el="60" ec="2" bec="0" bev="0" fileid="2" />
                <SequencePoint vc="0" uspid="61" ordinal="5" sl="61" sc="1" el="61" ec="2" bec="0" bev="0" fileid="2" />
                <SequencePoint vc="0" uspid="62" ordinal="6" sl="62" sc="1" el="62" ec="2" bec="0" bev="0" fileid="2" />
                <SequencePoint vc="0" uspid="63" ordinal="7" sl="63" sc="1" el="63" ec="2" bec="0" bev="0" fileid="2" />
                <SequencePoint vc="0" uspid="64" ordinal="8" sl="64" sc="1" el="64" ec="2" bec="0" bev="0" fileid="2" />
                <SequencePoint vc="0" uspid="65" ordinal="9" sl="65" sc="1" el="65" ec="2" bec="0" bev="0" fileid="2" />
                <SequencePoint vc="0" uspid="66" ordinal="10" sl="66" sc="1" el="66" ec="2" bec="0" bev="0" fileid="2" />
                <SequencePoint vc="0" uspid="67" ordinal="11" sl="67" sc="1" el="67" ec="2" bec="0" bev="0" fileid="2" />
                <SequencePoint vc="0" uspid="68" ordinal="12" sl="68" sc="1" el="68" ec="2" bec="0" bev="0" fileid="2" />
              </SequencePoints>
              <BranchPoints>
                <BranchPoint vc="2" uspid="56" ordinal="0" path="0" offset="7" offsetend="9" sl="56" fileid="2" />
                <BranchPoint vc="0" uspid="56" ordinal="1" path="1" offset="7" offsetend="20" sl="56" fileid="2" />
              </BranchPoints>
              <MethodPoint vc="3" uspid="0" p8:type="SequencePoint" ordinal="1" offset="1" sc="0" sl="55" ec="1" el="68" bec="0" bev="0" fileid="2" xmlns:p8="xsi" />
            </Method>
            <Method cyclomaticComplexity="8" nPathComplexity="8" sequenceCoverage="17.64" branchCoverage="12.5" isConstructor="False" isGetter="False" isSetter="False" isStatic="True">
              <Summary numSequencePoints="17" visitedSequencePoints="3" numBranchPoints="8" visitedBranchPoints="1" sequenceCoverage="17.64" branchCoverage="12.5" maxCyclomaticComplexity="8" minCyclomaticComplexity="8" visitedClasses="0" numClasses="0" visitedMethods="1" numMethods="1" />
              <MetadataToken />
              <Name>System.Void SkiaSharp.Extended.Gif.SKGifEncoder::AddFrame(SkiaSharp.SKBitmap,SkiaSharp.Extended.Gif.SKGifFrameInfo)</Name>
              <FileRef uid="2" />
              <SequencePoints>
                <SequencePoint vc="2" uspid="74" ordinal="0" sl="74" sc="1" el="74" ec="2" bec="0" bev="0" fileid="2" />
                <SequencePoint vc="2" uspid="75" ordinal="1" sl="75" sc="1" el="75" ec="2" bec="2" bev="1" fileid="2" />
                <SequencePoint vc="2" uspid="76" ordinal="2" sl="76" sc="1" el="76" ec="2" bec="0" bev="0" fileid="2" />
                <SequencePoint vc="0" uspid="78" ordinal="3" sl="78" sc="1" el="78" ec="2" bec="2" bev="0" fileid="2" />
                <SequencePoint vc="0" uspid="79" ordinal="4" sl="79" sc="1" el="79" ec="2" bec="0" bev="0" fileid="2" />
                <SequencePoint vc="0" uspid="80" ordinal="5" sl="80" sc="1" el="80" ec="2" bec="0" bev="0" fileid="2" />
                <SequencePoint vc="0" uspid="81" ordinal="6" sl="81" sc="1" el="81" ec="2" bec="0" bev="0" fileid="2" />
                <SequencePoint vc="0" uspid="82" ordinal="7" sl="82" sc="1" el="82" ec="2" bec="0" bev="0" fileid="2" />
                <SequencePoint vc="0" uspid="83" ordinal="8" sl="83" sc="1" el="83" ec="2" bec="4" bev="0" fileid="2" />
                <SequencePoint vc="0" uspid="84" ordinal="9" sl="84" sc="1" el="84" ec="2" bec="0" bev="0" fileid="2" />
                <SequencePoint vc="0" uspid="85" ordinal="10" sl="85" sc="1" el="85" ec="2" bec="0" bev="0" fileid="2" />
                <SequencePoint vc="0" uspid="88" ordinal="11" sl="88" sc="1" el="88" ec="2" bec="0" bev="0" fileid="2" />
                <SequencePoint vc="0" uspid="89" ordinal="12" sl="89" sc="1" el="89" ec="2" bec="0" bev="0" fileid="2" />
                <SequencePoint vc="0" uspid="90" ordinal="13" sl="90" sc="1" el="90" ec="2" bec="0" bev="0" fileid="2" />
                <SequencePoint vc="0" uspid="91" ordinal="14" sl="91" sc="1" el="91" ec="2" bec="0" bev="0" fileid="2" />
                <SequencePoint vc="0" uspid="92" ordinal="15" sl="92" sc="1" el="92" ec="2" bec="0" bev="0" fileid="2" />
                <SequencePoint vc="0" uspid="93" ordinal="16" sl="93" sc="1" el="93" ec="2" bec="0" bev="0" fileid="2" />
              </SequencePoints>
              <BranchPoints>
                <BranchPoint vc="2" uspid="75" ordinal="0" path="0" offset="7" offsetend="9" sl="75" fileid="2" />
                <BranchPoint vc="0" uspid="75" ordinal="1" path="1" offset="7" offsetend="20" sl="75" fileid="2" />
                <BranchPoint vc="0" uspid="78" ordinal="2" path="0" offset="36" offsetend="38" sl="78" fileid="2" />
                <BranchPoint vc="0" uspid="78" ordinal="3" path="1" offset="36" offsetend="69" sl="78" fileid="2" />
                <BranchPoint vc="0" uspid="83" ordinal="4" path="0" offset="81" offsetend="83" sl="83" fileid="2" />
                <BranchPoint vc="0" uspid="83" ordinal="5" path="1" offset="81" offsetend="102" sl="83" fileid="2" />
                <BranchPoint vc="0" uspid="83" ordinal="6" path="0" offset="105" offsetend="107" sl="83" fileid="2" />
                <BranchPoint vc="0" uspid="83" ordinal="7" path="1" offset="105" offsetend="203" sl="83" fileid="2" />
              </BranchPoints>
              <MethodPoint vc="3" uspid="0" p8:type="SequencePoint" ordinal="2" offset="2" sc="0" sl="74" ec="1" el="93" bec="0" bev="0" fileid="2" xmlns:p8="xsi" />
            </Method>
            <Method cyclomaticComplexity="6" nPathComplexity="6" sequenceCoverage="12.5" branchCoverage="16.66" isConstructor="False" isGetter="False" isSetter="False" isStatic="True">
              <Summary numSequencePoints="24" visitedSequencePoints="3" numBranchPoints="6" visitedBranchPoints="1" sequenceCoverage="12.5" branchCoverage="16.66" maxCyclomaticComplexity="6" minCyclomaticComplexity="6" visitedClasses="0" numClasses="0" visitedMethods="1" numMethods="1" />
              <MetadataToken />
              <Name>System.Void SkiaSharp.Extended.Gif.SKGifEncoder::Encode()</Name>
              <FileRef uid="2" />
              <SequencePoints>
                <SequencePoint vc="2" uspid="99" ordinal="0" sl="99" sc="1" el="99" ec="2" bec="0" bev="0" fileid="2" />
                <SequencePoint vc="2" uspid="100" ordinal="1" sl="100" sc="1" el="100" ec="2" bec="2" bev="1" fileid="2" />
                <SequencePoint vc="2" uspid="101" ordinal="2" sl="101" sc="1" el="101" ec="2" bec="0" bev="0" fileid="2" />
                <SequencePoint vc="0" uspid="104" ordinal="3" sl="104" sc="1" el="104" ec="2" bec="0" bev="0" fileid="2" />
                <SequencePoint vc="0" uspid="107" ordinal="4" sl="107" sc="1" el="107" ec="2" bec="0" bev="0" fileid="2" />
                <SequencePoint vc="0" uspid="110" ordinal="5" sl="110" sc="1" el="110" ec="2" bec="0" bev="0" fileid="2" />
                <SequencePoint vc="0" uspid="111" ordinal="6" sl="111" sc="1" el="111" ec="2" bec="0" bev="0" fileid="2" />
                <SequencePoint vc="0" uspid="112" ordinal="7" sl="112" sc="1" el="112" ec="2" bec="0" bev="0" fileid="2" />
                <SequencePoint vc="0" uspid="113" ordinal="8" sl="113" sc="1" el="113" ec="2" bec="0" bev="0" fileid="2" />
                <SequencePoint vc="0" uspid="114" ordinal="9" sl="114" sc="1" el="114" ec="2" bec="0" bev="0" fileid="2" />
                <SequencePoint vc="0" uspid="115" ordinal="10" sl="115" sc="1" el="115" ec="2" bec="0" bev="0" fileid="2" />
                <SequencePoint vc="0" uspid="118" ordinal="11" sl="118" sc="1" el="118" ec="2" bec="0" bev="0" fileid="2" />
                <SequencePoint vc="0" uspid="121" ordinal="12" sl="121" sc="1" el="121" ec="2" bec="2" bev="0" fileid="2" />
                <SequencePoint vc="0" uspid="122" ordinal="13" sl="122" sc="1" el="122" ec="2" bec="0" bev="0" fileid="2" />
                <SequencePoint vc="0" uspid="123" ordinal="14" sl="123" sc="1" el="123" ec="2" bec="0" bev="0" fileid="2" />
                <SequencePoint vc="0" uspid="124" ordinal="15" sl="124" sc="1" el="124" ec="2" bec="0" bev="0" fileid="2" />
                <SequencePoint vc="0" uspid="126" ordinal="16" sl="126" sc="1" el="126" ec="2" bec="0" bev="0" fileid="2" />
                <SequencePoint vc="0" uspid="129" ordinal="17" sl="129" sc="1" el="129" ec="2" bec="2" bev="0" fileid="2" />
                <SequencePoint vc="0" uspid="130" ordinal="18" sl="130" sc="1" el="130" ec="2" bec="0" bev="0" fileid="2" />
                <SequencePoint vc="0" uspid="131" ordinal="19" sl="131" sc="1" el="131" ec="2" bec="0" bev="0" fileid="2" />
                <SequencePoint vc="0" uspid="132" ordinal="20" sl="132" sc="1" el="132" ec="2" bec="0" bev="0" fileid="2" />
                <SequencePoint vc="0" uspid="135" ordinal="21" sl="135" sc="1" el="135" ec="2" bec="0" bev="0" fileid="2" />
                <SequencePoint vc="0" uspid="136" ordinal="22" sl="136" sc="1" el="136" ec="2" bec="0" bev="0" fileid="2" />
                <SequencePoint vc="0" uspid="137" ordinal="23" sl="137" sc="1" el="137" ec="2" bec="0" bev="0" fileid="2" />
              </SequencePoints>
              <BranchPoints>
                <BranchPoint vc="2" uspid="100" ordinal="0" path="0" offset="17" offsetend="19" sl="100" fileid="2" />
                <BranchPoint vc="0" uspid="100" ordinal="1" path="1" offset="17" offsetend="30" sl="100" fileid="2" />
                <BranchPoint vc="0" uspid="121" ordinal="2" path="0" offset="122" offsetend="124" sl="121" fileid="2" />
                <BranchPoint vc="0" uspid="121" ordinal="3" path="1" offset="122" offsetend="144" sl="121" fileid="2" />
                <BranchPoint vc="0" uspid="129" ordinal="5" path="1" offset="196" offsetend="155" sl="129" fileid="2" />
                <BranchPoint vc="0" uspid="129" ordinal="4" path="0" offset="196" offsetend="198" sl="129" fileid="2" />
              </BranchPoints>
              <MethodPoint vc="3" uspid="0" p8:type="SequencePoint" ordinal="3" offset="3" sc="0" sl="99" ec="1" el="137" bec="0" bev="0" fileid="2" xmlns:p8="xsi" />
            </Method>
            <Method cyclomaticComplexity="1" nPathComplexity="1" sequenceCoverage="0" branchCoverage="100" isConstructor="False" isGetter="False" isSetter="False" isStatic="True">
              <Summary numSequencePoints="5" visitedSequencePoints="0" numBranchPoints="0" visitedBranchPoints="0" sequenceCoverage="0" branchCoverage="100" maxCyclomaticComplexity="1" minCyclomaticComplexity="1" visitedClasses="0" numClasses="0" visitedMethods="0" numMethods="1" />
              <MetadataToken />
              <Name>SkiaSharp.SKColor[] SkiaSharp.Extended.Gif.SKGifEncoder::GenerateGlobalPalette()</Name>
              <FileRef uid="2" />
              <SequencePoints>
                <SequencePoint vc="0" uspid="140" ordinal="0" sl="140" sc="1" el="140" ec="2" bec="0" bev="0" fileid="2" />
                <SequencePoint vc="0" uspid="143" ordinal="1" sl="143" sc="1" el="143" ec="2" bec="0" bev="0" fileid="2" />
                <SequencePoint vc="0" uspid="144" ordinal="2" sl="144" sc="1" el="144" ec="2" bec="0" bev="0" fileid="2" />
                <SequencePoint vc="0" uspid="145" ordinal="3" sl="145" sc="1" el="145" ec="2" bec="0" bev="0" fileid="2" />
                <SequencePoint vc="0" uspid="146" ordinal="4" sl="146" sc="1" el="146" ec="2" bec="0" bev="0" fileid="2" />
              </SequencePoints>
              <BranchPoints />
              <MethodPoint vc="0" uspid="0" p8:type="SequencePoint" ordinal="4" offset="4" sc="0" sl="140" ec="1" el="146" bec="0" bev="0" fileid="2" xmlns:p8="xsi" />
            </Method>
            <Method cyclomaticComplexity="8" nPathComplexity="8" sequenceCoverage="0" branchCoverage="0" isConstructor="False" isGetter="False" isSetter="False" isStatic="True">
              <Summary numSequencePoints="31" visitedSequencePoints="0" numBranchPoints="8" visitedBranchPoints="0" sequenceCoverage="0" branchCoverage="0" maxCyclomaticComplexity="8" minCyclomaticComplexity="8" visitedClasses="0" numClasses="0" visitedMethods="0" numMethods="1" />
              <MetadataToken />
              <Name>System.Void SkiaSharp.Extended.Gif.SKGifEncoder::WriteFrame(SkiaSharp.Extended.Gif.SKGifEncoder/FrameData)</Name>
              <FileRef uid="2" />
              <SequencePoints>
                <SequencePoint vc="0" uspid="149" ordinal="0" sl="149" sc="1" el="149" ec="2" bec="0" bev="0" fileid="2" />
                <SequencePoint vc="0" uspid="150" ordinal="1" sl="150" sc="1" el="150" ec="2" bec="0" bev="0" fileid="2" />
                <SequencePoint vc="0" uspid="151" ordinal="2" sl="151" sc="1" el="151" ec="2" bec="0" bev="0" fileid="2" />
                <SequencePoint vc="0" uspid="154" ordinal="3" sl="154" sc="1" el="154" ec="2" bec="4" bev="0" fileid="2" />
                <SequencePoint vc="0" uspid="155" ordinal="4" sl="155" sc="1" el="155" ec="2" bec="0" bev="0" fileid="2" />
                <SequencePoint vc="0" uspid="156" ordinal="5" sl="156" sc="1" el="156" ec="2" bec="0" bev="0" fileid="2" />
                <SequencePoint vc="0" uspid="157" ordinal="6" sl="157" sc="1" el="157" ec="2" bec="4" bev="0" fileid="2" />
                <SequencePoint vc="0" uspid="158" ordinal="7" sl="158" sc="1" el="158" ec="2" bec="0" bev="0" fileid="2" />
                <SequencePoint vc="0" uspid="159" ordinal="8" sl="159" sc="1" el="159" ec="2" bec="0" bev="0" fileid="2" />
                <SequencePoint vc="0" uspid="160" ordinal="9" sl="160" sc="1" el="160" ec="2" bec="0" bev="0" fileid="2" />
                <SequencePoint vc="0" uspid="161" ordinal="10" sl="161" sc="1" el="161" ec="2" bec="0" bev="0" fileid="2" />
                <SequencePoint vc="0" uspid="162" ordinal="11" sl="162" sc="1" el="162" ec="2" bec="0" bev="0" fileid="2" />
                <SequencePoint vc="0" uspid="164" ordinal="12" sl="164" sc="1" el="164" ec="2" bec="0" bev="0" fileid="2" />
                <SequencePoint vc="0" uspid="165" ordinal="13" sl="165" sc="1" el="165" ec="2" bec="0" bev="0" fileid="2" />
                <SequencePoint vc="0" uspid="166" ordinal="14" sl="166" sc="1" el="166" ec="2" bec="0" bev="0" fileid="2" />
                <SequencePoint vc="0" uspid="167" ordinal="15" sl="167" sc="1" el="167" ec="2" bec="0" bev="0" fileid="2" />
                <SequencePoint vc="0" uspid="168" ordinal="16" sl="168" sc="1" el="168" ec="2" bec="0" bev="0" fileid="2" />
                <SequencePoint vc="0" uspid="169" ordinal="17" sl="169" sc="1" el="169" ec="2" bec="0" bev="0" fileid="2" />
                <SequencePoint vc="0" uspid="172" ordinal="18" sl="172" sc="1" el="172" ec="2" bec="0" bev="0" fileid="2" />
                <SequencePoint vc="0" uspid="173" ordinal="19" sl="173" sc="1" el="173" ec="2" bec="0" bev="0" fileid="2" />
                <SequencePoint vc="0" uspid="174" ordinal="20" sl="174" sc="1" el="174" ec="2" bec="0" bev="0" fileid="2" />
                <SequencePoint vc="0" uspid="175" ordinal="21" sl="175" sc="1" el="175" ec="2" bec="0" bev="0" fileid="2" />
                <SequencePoint vc="0" uspid="176" ordinal="22" sl="176" sc="1" el="176" ec="2" bec="0" bev="0" fileid="2" />
                <SequencePoint vc="0" uspid="177" ordinal="23" sl="177" sc="1" el="177" ec="2" bec="0" bev="0" fileid="2" />
                <SequencePoint vc="0" uspid="178" ordinal="24" sl="178" sc="1" el="178" ec="2" bec="0" bev="0" fileid="2" />
                <SequencePoint vc="0" uspid="179" ordinal="25" sl="179" sc="1" el="179" ec="2" bec="0" bev="0" fileid="2" />
                <SequencePoint vc="0" uspid="182" ordinal="26" sl="182" sc="1" el="182" ec="2" bec="0" bev="0" fileid="2" />
                <SequencePoint vc="0" uspid="185" ordinal="27" sl="185" sc="1" el="185" ec="2" bec="0" bev="0" fileid="2" />
                <SequencePoint vc="0" uspid="188" ordinal="28" sl="188" sc="1" el="188" ec="2" bec="0" bev="0" fileid="2" />
                <SequencePoint vc="0" uspid="189" ordinal="29" sl="189" sc="1" el="189" ec="2" bec="0" bev="0" fileid="2" />
                <SequencePoint vc="0" uspid="190" ordinal="30" sl="190" sc="1" el="190" ec="2" bec="0" bev="0" fileid="2" />
              </SequencePoints>
              <BranchPoints>
                <BranchPoint vc="0" uspid="154" ordinal="0" path="0" offset="23" offsetend="25" sl="154" fileid="2" />
                <BranchPoint vc="0" uspid="154" ordinal="1" path="1" offset="23" offsetend="34" sl="154" fileid="2" />
                <BranchPoint vc="0" uspid="154" ordinal="2" path="0" offset="39" offsetend="41" sl="154" fileid="2" />
                <BranchPoint vc="0" uspid="157" ordinal="4" path="0" offset="52" offsetend="54" sl="157" fileid="2" />
                <BranchPoint vc="0" uspid="157" ordinal="5" path="1" offset="52" offsetend="72" sl="157" fileid="2" />
                <BranchPoint vc="0" uspid="157" ordinal="6" path="0" offset="77" offsetend="79" sl="157" fileid="2" />
                <BranchPoint vc="0" uspid="157" ordinal="7" path="1" offset="77" offsetend="110" sl="157" fileid="2" />
                <BranchPoint vc="0" uspid="154" ordinal="3" path="1" offset="39" offsetend="146" sl="154" fileid="2" />
              </BranchPoints>
              <MethodPoint vc="0" uspid="0" p8:type="SequencePoint" ordinal="5" offset="5" sc="0" sl="149" ec="1" el="190" bec="0" bev="0" fileid="2" xmlns:p8="xsi" />
            </Method>
            <Method cyclomaticComplexity="1" nPathComplexity="1" sequenceCoverage="0" branchCoverage="100" isConstructor="False" isGetter="False" isSetter="False" isStatic="True">
              <Summary numSequencePoints="7" visitedSequencePoints="0" numBranchPoints="0" visitedBranchPoints="0" sequenceCoverage="0" branchCoverage="100" maxCyclomaticComplexity="1" minCyclomaticComplexity="1" visitedClasses="0" numClasses="0" visitedMethods="0" numMethods="1" />
              <MetadataToken />
              <Name>System.Byte[] SkiaSharp.Extended.Gif.SKGifEncoder::CompressData(System.Byte[])</Name>
              <FileRef uid="2" />
              <SequencePoints>
                <SequencePoint vc="0" uspid="193" ordinal="0" sl="193" sc="1" el="193" ec="2" bec="0" bev="0" fileid="2" />
                <SequencePoint vc="0" uspid="194" ordinal="1" sl="194" sc="1" el="194" ec="2" bec="0" bev="0" fileid="2" />
                <SequencePoint vc="0" uspid="196" ordinal="2" sl="196" sc="1" el="196" ec="2" bec="0" bev="0" fileid="2" />
                <SequencePoint vc="0" uspid="197" ordinal="3" sl="197" sc="1" el="197" ec="2" bec="0" bev="0" fileid="2" />
                <SequencePoint vc="0" uspid="198" ordinal="4" sl="198" sc="1" el="198" ec="2" bec="0" bev="0" fileid="2" />
                <SequencePoint vc="0" uspid="199" ordinal="5" sl="199" sc="1" el="199" ec="2" bec="0" bev="0" fileid="2" />
                <SequencePoint vc="0" uspid="200" ordinal="6" sl="200" sc="1" el="200" ec="2" bec="0" bev="0" fileid="2" />
              </SequencePoints>
              <BranchPoints />
              <MethodPoint vc="0" uspid="0" p8:type="SequencePoint" ordinal="6" offset="6" sc="0" sl="193" ec="1" el="200" bec="0" bev="0" fileid="2" xmlns:p8="xsi" />
            </Method>
            <Method cyclomaticComplexity="4" nPathComplexity="4" sequenceCoverage="0" branchCoverage="0" isConstructor="False" isGetter="False" isSetter="False" isStatic="True">
              <Summary numSequencePoints="10" visitedSequencePoints="0" numBranchPoints="4" visitedBranchPoints="0" sequenceCoverage="0" branchCoverage="0" maxCyclomaticComplexity="4" minCyclomaticComplexity="4" visitedClasses="0" numClasses="0" visitedMethods="0" numMethods="1" />
              <MetadataToken />
              <Name>System.Byte SkiaSharp.Extended.Gif.SKGifEncoder::CalculateMinCodeSize(System.Int32)</Name>
              <FileRef uid="2" />
              <SequencePoints>
                <SequencePoint vc="0" uspid="203" ordinal="0" sl="203" sc="1" el="203" ec="2" bec="0" bev="0" fileid="2" />
                <SequencePoint vc="0" uspid="204" ordinal="1" sl="204" sc="1" el="204" ec="2" bec="0" bev="0" fileid="2" />
                <SequencePoint vc="0" uspid="205" ordinal="2" sl="205" sc="1" el="205" ec="2" bec="0" bev="0" fileid="2" />
                <SequencePoint vc="0" uspid="206" ordinal="3" sl="206" sc="1" el="206" ec="2" bec="4" bev="0" fileid="2" />
                <SequencePoint vc="0" uspid="207" ordinal="4" sl="207" sc="1" el="207" ec="2" bec="0" bev="0" fileid="2" />
                <SequencePoint vc="0" uspid="208" ordinal="5" sl="208" sc="1" el="208" ec="2" bec="0" bev="0" fileid="2" />
                <SequencePoint vc="0" uspid="209" ordinal="6" sl="209" sc="1" el="209" ec="2" bec="0" bev="0" fileid="2" />
                <SequencePoint vc="0" uspid="210" ordinal="7" sl="210" sc="1" el="210" ec="2" bec="0" bev="0" fileid="2" />
                <SequencePoint vc="0" uspid="211" ordinal="8" sl="211" sc="1" el="211" ec="2" bec="0" bev="0" fileid="2" />
                <SequencePoint vc="0" uspid="212" ordinal="9" sl="212" sc="1" el="212" ec="2" bec="0" bev="0" fileid="2" />
              </SequencePoints>
              <BranchPoints>
                <BranchPoint vc="0" uspid="206" ordinal="3" path="1" offset="31" offsetend="7" sl="206" fileid="2" />
                <BranchPoint vc="0" uspid="206" ordinal="0" path="0" offset="20" offsetend="22" sl="206" fileid="2" />
                <BranchPoint vc="0" uspid="206" ordinal="1" path="1" offset="20" offsetend="28" sl="206" fileid="2" />
                <BranchPoint vc="0" uspid="206" ordinal="2" path="0" offset="31" offsetend="33" sl="206" fileid="2" />
              </BranchPoints>
              <MethodPoint vc="0" uspid="0" p8:type="SequencePoint" ordinal="7" offset="7" sc="0" sl="203" ec="1" el="212" bec="0" bev="0" fileid="2" xmlns:p8="xsi" />
            </Method>
            <Method cyclomaticComplexity="2" nPathComplexity="2" sequenceCoverage="100" branchCoverage="100" isConstructor="False" isGetter="False" isSetter="False" isStatic="True">
              <Summary numSequencePoints="7" visitedSequencePoints="7" numBranchPoints="2" visitedBranchPoints="2" sequenceCoverage="100" branchCoverage="100" maxCyclomaticComplexity="2" minCyclomaticComplexity="2" visitedClasses="0" numClasses="0" visitedMethods="1" numMethods="1" />
              <MetadataToken />
              <Name>System.Void SkiaSharp.Extended.Gif.SKGifEncoder::Dispose()</Name>
              <FileRef uid="2" />
              <SequencePoints>
                <SequencePoint vc="10" uspid="215" ordinal="0" sl="215" sc="1" el="215" ec="2" bec="0" bev="0" fileid="2" />
                <SequencePoint vc="10" uspid="216" ordinal="1" sl="216" sc="1" el="216" ec="2" bec="2" bev="2" fileid="2" />
                <SequencePoint vc="9" uspid="217" ordinal="2" sl="217" sc="1" el="217" ec="2" bec="0" bev="0" fileid="2" />
                <SequencePoint vc="9" uspid="218" ordinal="3" sl="218" sc="1" el="218" ec="2" bec="0" bev="0" fileid="2" />
                <SequencePoint vc="9" uspid="219" ordinal="4" sl="219" sc="1" el="219" ec="2" bec="0" bev="0" fileid="2" />
                <SequencePoint vc="10" uspid="221" ordinal="5" sl="221" sc="1" el="221" ec="2" bec="0" bev="0" fileid="2" />
                <SequencePoint vc="10" uspid="222" ordinal="6" sl="222" sc="1" el="222" ec="2" bec="0" bev="0" fileid="2" />
              </SequencePoints>
              <BranchPoints>
                <BranchPoint vc="9" uspid="216" ordinal="0" path="0" offset="12" offsetend="14" sl="216" fileid="2" />
                <BranchPoint vc="10" uspid="216" ordinal="1" path="1" offset="12" offsetend="23" sl="216" fileid="2" />
              </BranchPoints>
              <MethodPoint vc="7" uspid="0" p8:type="SequencePoint" ordinal="8" offset="8" sc="0" sl="215" ec="1" el="222" bec="0" bev="0" fileid="2" xmlns:p8="xsi" />
            </Method>
            <Method cyclomaticComplexity="4" nPathComplexity="4" sequenceCoverage="100" branchCoverage="100" isConstructor="True" isGetter="False" isSetter="False" isStatic="True">
              <Summary numSequencePoints="11" visitedSequencePoints="11" numBranchPoints="4" visitedBranchPoints="4" sequenceCoverage="100" branchCoverage="100" maxCyclomaticComplexity="4" minCyclomaticComplexity="4" visitedClasses="0" numClasses="0" visitedMethods="1" numMethods="1" />
              <MetadataToken />
              <Name>System.Void SkiaSharp.Extended.Gif.SKGifEncoder::.ctor(System.IO.Stream)</Name>
              <FileRef uid="2" />
              <SequencePoints>
                <SequencePoint vc="13" uspid="22" ordinal="0" sl="22" sc="1" el="22" ec="2" bec="0" bev="0" fileid="2" />
                <SequencePoint vc="13" uspid="25" ordinal="1" sl="25" sc="1" el="25" ec="2" bec="0" bev="0" fileid="2" />
                <SequencePoint vc="13" uspid="26" ordinal="2" sl="26" sc="1" el="26" ec="2" bec="0" bev="0" fileid="2" />
                <SequencePoint vc="13" uspid="27" ordinal="3" sl="27" sc="1" el="27" ec="2" bec="2" bev="2" fileid="2" />
                <SequencePoint vc="2" uspid="28" ordinal="4" sl="28" sc="1" el="28" ec="2" bec="0" bev="0" fileid="2" />
                <SequencePoint vc="11" uspid="29" ordinal="5" sl="29" sc="1" el="29" ec="2" bec="2" bev="2" fileid="2" />
                <SequencePoint vc="2" uspid="30" ordinal="6" sl="30" sc="1" el="30" ec="2" bec="0" bev="0" fileid="2" />
                <SequencePoint vc="9" uspid="32" ordinal="7" sl="32" sc="1" el="32" ec="2" bec="0" bev="0" fileid="2" />
                <SequencePoint vc="9" uspid="33" ordinal="8" sl="33" sc="1" el="33" ec="2" bec="0" bev="0" fileid="2" />
                <SequencePoint vc="9" uspid="34" ordinal="9" sl="34" sc="1" el="34" ec="2" bec="0" bev="0" fileid="2" />
                <SequencePoint vc="9" uspid="35" ordinal="10" sl="35" sc="1" el="35" ec="2" bec="0" bev="0" fileid="2" />
              </SequencePoints>
              <BranchPoints>
                <BranchPoint vc="2" uspid="27" ordinal="0" path="0" offset="21" offsetend="23" sl="27" fileid="2" />
                <BranchPoint vc="11" uspid="27" ordinal="1" path="1" offset="21" offsetend="34" sl="27" fileid="2" />
                <BranchPoint vc="2" uspid="29" ordinal="2" path="0" offset="45" offsetend="47" sl="29" fileid="2" />
                <BranchPoint vc="9" uspid="29" ordinal="3" path="1" offset="45" offsetend="63" sl="29" fileid="2" />
              </BranchPoints>
              <MethodPoint vc="11" uspid="0" p8:type="SequencePoint" ordinal="9" offset="9" sc="0" sl="22" ec="1" el="35" bec="0" bev="0" fileid="2" xmlns:p8="xsi" />
            </Method>
          </Methods>
        </Class>
        <Class>
          <Summary numSequencePoints="2" visitedSequencePoints="0" numBranchPoints="0" visitedBranchPoints="0" sequenceCoverage="0" branchCoverage="100" maxCyclomaticComplexity="1" minCyclomaticComplexity="1" visitedClasses="0" numClasses="1" visitedMethods="0" numMethods="2" />
          <FullName>SkiaSharp.Extended.Gif.SKGifEncoder/FrameData</FullName>
          <Methods>
            <Method cyclomaticComplexity="1" nPathComplexity="1" sequenceCoverage="0" branchCoverage="100" isConstructor="False" isGetter="True" isSetter="False" isStatic="True">
              <Summary numSequencePoints="1" visitedSequencePoints="0" numBranchPoints="0" visitedBranchPoints="0" sequenceCoverage="0" branchCoverage="100" maxCyclomaticComplexity="1" minCyclomaticComplexity="1" visitedClasses="0" numClasses="0" visitedMethods="0" numMethods="1" />
              <MetadataToken />
              <Name>SkiaSharp.SKBitmap SkiaSharp.Extended.Gif.SKGifEncoder/FrameData::get_Bitmap()</Name>
              <FileRef uid="2" />
              <SequencePoints>
                <SequencePoint vc="0" uspid="226" ordinal="0" sl="226" sc="1" el="226" ec="2" bec="0" bev="0" fileid="2" />
              </SequencePoints>
              <BranchPoints />
              <MethodPoint vc="0" uspid="0" p8:type="SequencePoint" ordinal="0" offset="0" sc="0" sl="226" ec="1" el="226" bec="0" bev="0" fileid="2" xmlns:p8="xsi" />
            </Method>
            <Method cyclomaticComplexity="1" nPathComplexity="1" sequenceCoverage="0" branchCoverage="100" isConstructor="False" isGetter="True" isSetter="False" isStatic="True">
              <Summary numSequencePoints="1" visitedSequencePoints="0" numBranchPoints="0" visitedBranchPoints="0" sequenceCoverage="0" branchCoverage="100" maxCyclomaticComplexity="1" minCyclomaticComplexity="1" visitedClasses="0" numClasses="0" visitedMethods="0" numMethods="1" />
              <MetadataToken />
              <Name>SkiaSharp.Extended.Gif.SKGifFrameInfo SkiaSharp.Extended.Gif.SKGifEncoder/FrameData::get_FrameInfo()</Name>
              <FileRef uid="2" />
              <SequencePoints>
                <SequencePoint vc="0" uspid="227" ordinal="0" sl="227" sc="1" el="227" ec="2" bec="0" bev="0" fileid="2" />
              </SequencePoints>
              <BranchPoints />
              <MethodPoint vc="0" uspid="0" p8:type="SequencePoint" ordinal="1" offset="1" sc="0" sl="227" ec="1" el="227" bec="0" bev="0" fileid="2" xmlns:p8="xsi" />
            </Method>
          </Methods>
        </Class>
        <Class>
          <Summary numSequencePoints="6" visitedSequencePoints="6" numBranchPoints="2" visitedBranchPoints="1" sequenceCoverage="100" branchCoverage="50" maxCyclomaticComplexity="2" minCyclomaticComplexity="1" visitedClasses="1" numClasses="1" visitedMethods="3" numMethods="3" />
          <FullName>SkiaSharp.Extended.Gif.SKGifFrame</FullName>
          <Methods>
            <Method cyclomaticComplexity="1" nPathComplexity="1" sequenceCoverage="100" branchCoverage="100" isConstructor="False" isGetter="True" isSetter="False" isStatic="True">
              <Summary numSequencePoints="1" visitedSequencePoints="1" numBranchPoints="0" visitedBranchPoints="0" sequenceCoverage="100" branchCoverage="100" maxCyclomaticComplexity="1" minCyclomaticComplexity="1" visitedClasses="0" numClasses="0" visitedMethods="1" numMethods="1" />
              <MetadataToken />
              <Name>SkiaSharp.SKBitmap SkiaSharp.Extended.Gif.SKGifFrame::get_Bitmap()</Name>
              <FileRef uid="3" />
              <SequencePoints>
                <SequencePoint vc="31" uspid="13" ordinal="0" sl="13" sc="1" el="13" ec="2" bec="0" bev="0" fileid="3" />
              </SequencePoints>
              <BranchPoints />
              <MethodPoint vc="1" uspid="0" p8:type="SequencePoint" ordinal="0" offset="0" sc="0" sl="13" ec="1" el="13" bec="0" bev="0" fileid="3" xmlns:p8="xsi" />
            </Method>
            <Method cyclomaticComplexity="1" nPathComplexity="1" sequenceCoverage="100" branchCoverage="100" isConstructor="False" isGetter="True" isSetter="False" isStatic="True">
              <Summary numSequencePoints="1" visitedSequencePoints="1" numBranchPoints="0" visitedBranchPoints="0" sequenceCoverage="100" branchCoverage="100" maxCyclomaticComplexity="1" minCyclomaticComplexity="1" visitedClasses="0" numClasses="0" visitedMethods="1" numMethods="1" />
              <MetadataToken />
              <Name>SkiaSharp.Extended.Gif.SKGifFrameInfo SkiaSharp.Extended.Gif.SKGifFrame::get_FrameInfo()</Name>
              <FileRef uid="3" />
              <SequencePoints>
                <SequencePoint vc="11" uspid="18" ordinal="0" sl="18" sc="1" el="18" ec="2" bec="0" bev="0" fileid="3" />
              </SequencePoints>
              <BranchPoints />
              <MethodPoint vc="1" uspid="0" p8:type="SequencePoint" ordinal="1" offset="1" sc="0" sl="18" ec="1" el="18" bec="0" bev="0" fileid="3" xmlns:p8="xsi" />
            </Method>
            <Method cyclomaticComplexity="2" nPathComplexity="2" sequenceCoverage="100" branchCoverage="50" isConstructor="False" isGetter="False" isSetter="False" isStatic="True">
              <Summary numSequencePoints="4" visitedSequencePoints="4" numBranchPoints="2" visitedBranchPoints="1" sequenceCoverage="100" branchCoverage="50" maxCyclomaticComplexity="2" minCyclomaticComplexity="2" visitedClasses="0" numClasses="0" visitedMethods="1" numMethods="1" />
              <MetadataToken />
              <Name>System.Void SkiaSharp.Extended.Gif.SKGifFrame::Dispose()</Name>
              <FileRef uid="3" />
              <SequencePoints>
                <SequencePoint vc="5" uspid="24" ordinal="0" sl="24" sc="1" el="24" ec="2" bec="0" bev="0" fileid="3" />
                <SequencePoint vc="5" uspid="25" ordinal="1" sl="25" sc="1" el="25" ec="2" bec="2" bev="1" fileid="3" />
                <SequencePoint vc="5" uspid="26" ordinal="2" sl="26" sc="1" el="26" ec="2" bec="0" bev="0" fileid="3" />
                <SequencePoint vc="5" uspid="27" ordinal="3" sl="27" sc="1" el="27" ec="2" bec="0" bev="0" fileid="3" />
              </SequencePoints>
              <BranchPoints>
                <BranchPoint vc="0" uspid="25" ordinal="0" path="0" offset="8" offsetend="10" sl="25" fileid="3" />
                <BranchPoint vc="5" uspid="25" ordinal="1" path="1" offset="8" offsetend="13" sl="25" fileid="3" />
              </BranchPoints>
              <MethodPoint vc="4" uspid="0" p8:type="SequencePoint" ordinal="2" offset="2" sc="0" sl="24" ec="1" el="27" bec="0" bev="0" fileid="3" xmlns:p8="xsi" />
            </Method>
          </Methods>
        </Class>
        <Class>
          <Summary numSequencePoints="6" visitedSequencePoints="6" numBranchPoints="0" visitedBranchPoints="0" sequenceCoverage="100" branchCoverage="100" maxCyclomaticComplexity="1" minCyclomaticComplexity="1" visitedClasses="1" numClasses="1" visitedMethods="6" numMethods="6" />
          <FullName>SkiaSharp.Extended.Gif.SKGifFrameInfo</FullName>
          <Methods>
            <Method cyclomaticComplexity="1" nPathComplexity="1" sequenceCoverage="100" branchCoverage="100" isConstructor="False" isGetter="True" isSetter="False" isStatic="True">
              <Summary numSequencePoints="1" visitedSequencePoints="1" numBranchPoints="0" visitedBranchPoints="0" sequenceCoverage="100" branchCoverage="100" maxCyclomaticComplexity="1" minCyclomaticComplexity="1" visitedClasses="0" numClasses="0" visitedMethods="1" numMethods="1" />
              <MetadataToken />
              <Name>System.Int32 SkiaSharp.Extended.Gif.SKGifFrameInfo::get_Duration()</Name>
              <FileRef uid="3" />
              <SequencePoints>
                <SequencePoint vc="28" uspid="39" ordinal="0" sl="39" sc="1" el="39" ec="2" bec="0" bev="0" fileid="3" />
              </SequencePoints>
              <BranchPoints />
              <MethodPoint vc="1" uspid="0" p8:type="SequencePoint" ordinal="0" offset="0" sc="0" sl="39" ec="1" el="39" bec="0" bev="0" fileid="3" xmlns:p8="xsi" />
            </Method>
            <Method cyclomaticComplexity="1" nPathComplexity="1" sequenceCoverage="100" branchCoverage="100" isConstructor="False" isGetter="True" isSetter="False" isStatic="True">
              <Summary numSequencePoints="1" visitedSequencePoints="1" numBranchPoints="0" visitedBranchPoints="0" sequenceCoverage="100" branchCoverage="100" maxCyclomaticComplexity="1" minCyclomaticComplexity="1" visitedClasses="0" numClasses="0" visitedMethods="1" numMethods="1" />
              <MetadataToken />
              <Name>SkiaSharp.Extended.Gif.SKGifDisposalMethod SkiaSharp.Extended.Gif.SKGifFrameInfo::get_DisposalMethod()</Name>
              <FileRef uid="3" />
              <SequencePoints>
                <SequencePoint vc="20" uspid="45" ordinal="0" sl="45" sc="1" el="45" ec="2" bec="0" bev="0" fileid="3" />
              </SequencePoints>
              <BranchPoints />
              <MethodPoint vc="1" uspid="0" p8:type="SequencePoint" ordinal="1" offset="1" sc="0" sl="45" ec="1" el="45" bec="0" bev="0" fileid="3" xmlns:p8="xsi" />
            </Method>
            <Method cyclomaticComplexity="1" nPathComplexity="1" sequenceCoverage="100" branchCoverage="100" isConstructor="False" isGetter="True" isSetter="False" isStatic="True">
              <Summary numSequencePoints="1" visitedSequencePoints="1" numBranchPoints="0" visitedBranchPoints="0" sequenceCoverage="100" branchCoverage="100" maxCyclomaticComplexity="1" minCyclomaticComplexity="1" visitedClasses="0" numClasses="0" visitedMethods="1" numMethods="1" />
              <MetadataToken />
              <Name>System.Int32 SkiaSharp.Extended.Gif.SKGifFrameInfo::get_RequiredFrame()</Name>
              <FileRef uid="3" />
              <SequencePoints>
                <SequencePoint vc="21" uspid="51" ordinal="0" sl="51" sc="1" el="51" ec="2" bec="0" bev="0" fileid="3" />
              </SequencePoints>
              <BranchPoints />
              <MethodPoint vc="1" uspid="0" p8:type="SequencePoint" ordinal="2" offset="2" sc="0" sl="51" ec="1" el="51" bec="0" bev="0" fileid="3" xmlns:p8="xsi" />
            </Method>
            <Method cyclomaticComplexity="1" nPathComplexity="1" sequenceCoverage="100" branchCoverage="100" isConstructor="False" isGetter="True" isSetter="False" isStatic="True">
              <Summary numSequencePoints="1" visitedSequencePoints="1" numBranchPoints="0" visitedBranchPoints="0" sequenceCoverage="100" branchCoverage="100" maxCyclomaticComplexity="1" minCyclomaticComplexity="1" visitedClasses="0" numClasses="0" visitedMethods="1" numMethods="1" />
              <MetadataToken />
              <Name>SkiaSharp.SKRectI SkiaSharp.Extended.Gif.SKGifFrameInfo::get_FrameRect()</Name>
              <FileRef uid="3" />
              <SequencePoints>
                <SequencePoint vc="19" uspid="57" ordinal="0" sl="57" sc="1" el="57" ec="2" bec="0" bev="0" fileid="3" />
              </SequencePoints>
              <BranchPoints />
              <MethodPoint vc="1" uspid="0" p8:type="SequencePoint" ordinal="3" offset="3" sc="0" sl="57" ec="1" el="57" bec="0" bev="0" fileid="3" xmlns:p8="xsi" />
            </Method>
            <Method cyclomaticComplexity="1" nPathComplexity="1" sequenceCoverage="100" branchCoverage="100" isConstructor="False" isGetter="True" isSetter="False" isStatic="True">
              <Summary numSequencePoints="1" visitedSequencePoints="1" numBranchPoints="0" visitedBranchPoints="0" sequenceCoverage="100" branchCoverage="100" maxCyclomaticComplexity="1" minCyclomaticComplexity="1" visitedClasses="0" numClasses="0" visitedMethods="1" numMethods="1" />
              <MetadataToken />
              <Name>System.Boolean SkiaSharp.Extended.Gif.SKGifFrameInfo::get_HasTransparency()</Name>
              <FileRef uid="3" />
              <SequencePoints>
                <SequencePoint vc="22" uspid="62" ordinal="0" sl="62" sc="1" el="62" ec="2" bec="0" bev="0" fileid="3" />
              </SequencePoints>
              <BranchPoints />
              <MethodPoint vc="1" uspid="0" p8:type="SequencePoint" ordinal="4" offset="4" sc="0" sl="62" ec="1" el="62" bec="0" bev="0" fileid="3" xmlns:p8="xsi" />
            </Method>
            <Method cyclomaticComplexity="1" nPathComplexity="1" sequenceCoverage="100" branchCoverage="100" isConstructor="False" isGetter="True" isSetter="False" isStatic="True">
              <Summary numSequencePoints="1" visitedSequencePoints="1" numBranchPoints="0" visitedBranchPoints="0" sequenceCoverage="100" branchCoverage="100" maxCyclomaticComplexity="1" minCyclomaticComplexity="1" visitedClasses="0" numClasses="0" visitedMethods="1" numMethods="1" />
              <MetadataToken />
              <Name>System.Nullable`1&lt;SkiaSharp.SKColor&gt; SkiaSharp.Extended.Gif.SKGifFrameInfo::get_TransparentColor()</Name>
              <FileRef uid="3" />
              <SequencePoints>
                <SequencePoint vc="20" uspid="67" ordinal="0" sl="67" sc="1" el="67" ec="2" bec="0" bev="0" fileid="3" />
              </SequencePoints>
              <BranchPoints />
              <MethodPoint vc="1" uspid="0" p8:type="SequencePoint" ordinal="5" offset="5" sc="0" sl="67" ec="1" el="67" bec="0" bev="0" fileid="3" xmlns:p8="xsi" />
            </Method>
          </Methods>
        </Class>
        <Class>
          <Summary numSequencePoints="10" visitedSequencePoints="10" numBranchPoints="0" visitedBranchPoints="0" sequenceCoverage="100" branchCoverage="100" maxCyclomaticComplexity="1" minCyclomaticComplexity="1" visitedClasses="1" numClasses="1" visitedMethods="10" numMethods="10" />
          <FullName>SkiaSharp.Extended.Gif.SKGifInfo</FullName>
          <Methods>
            <Method cyclomaticComplexity="1" nPathComplexity="1" sequenceCoverage="100" branchCoverage="100" isConstructor="False" isGetter="True" isSetter="False" isStatic="True">
              <Summary numSequencePoints="1" visitedSequencePoints="1" numBranchPoints="0" visitedBranchPoints="0" sequenceCoverage="100" branchCoverage="100" maxCyclomaticComplexity="1" minCyclomaticComplexity="1" visitedClasses="0" numClasses="0" visitedMethods="1" numMethods="1" />
              <MetadataToken />
              <Name>SkiaSharp.SKImageInfo SkiaSharp.Extended.Gif.SKGifInfo::get_ImageInfo()</Name>
              <FileRef uid="4" />
              <SequencePoints>
                <SequencePoint vc="25" uspid="15" ordinal="0" sl="15" sc="1" el="15" ec="2" bec="0" bev="0" fileid="4" />
              </SequencePoints>
              <BranchPoints />
              <MethodPoint vc="1" uspid="0" p8:type="SequencePoint" ordinal="0" offset="0" sc="0" sl="15" ec="1" el="15" bec="0" bev="0" fileid="4" xmlns:p8="xsi" />
            </Method>
            <Method cyclomaticComplexity="1" nPathComplexity="1" sequenceCoverage="100" branchCoverage="100" isConstructor="False" isGetter="True" isSetter="False" isStatic="True">
              <Summary numSequencePoints="1" visitedSequencePoints="1" numBranchPoints="0" visitedBranchPoints="0" sequenceCoverage="100" branchCoverage="100" maxCyclomaticComplexity="1" minCyclomaticComplexity="1" visitedClasses="0" numClasses="0" visitedMethods="1" numMethods="1" />
              <MetadataToken />
              <Name>System.Int32 SkiaSharp.Extended.Gif.SKGifInfo::get_Width()</Name>
              <FileRef uid="4" />
              <SequencePoints>
                <SequencePoint vc="3" uspid="21" ordinal="0" sl="21" sc="1" el="21" ec="2" bec="0" bev="0" fileid="4" />
              </SequencePoints>
              <BranchPoints />
              <MethodPoint vc="1" uspid="0" p8:type="SequencePoint" ordinal="1" offset="1" sc="0" sl="21" ec="1" el="21" bec="0" bev="0" fileid="4" xmlns:p8="xsi" />
            </Method>
            <Method cyclomaticComplexity="1" nPathComplexity="1" sequenceCoverage="100" branchCoverage="100" isConstructor="False" isGetter="True" isSetter="False" isStatic="True">
              <Summary numSequencePoints="1" visitedSequencePoints="1" numBranchPoints="0" visitedBranchPoints="0" sequenceCoverage="100" branchCoverage="100" maxCyclomaticComplexity="1" minCyclomaticComplexity="1" visitedClasses="0" numClasses="0" visitedMethods="1" numMethods="1" />
              <MetadataToken />
              <Name>System.Int32 SkiaSharp.Extended.Gif.SKGifInfo::get_Height()</Name>
              <FileRef uid="4" />
              <SequencePoints>
                <SequencePoint vc="3" uspid="27" ordinal="0" sl="27" sc="1" el="27" ec="2" bec="0" bev="0" fileid="4" />
              </SequencePoints>
              <BranchPoints />
              <MethodPoint vc="1" uspid="0" p8:type="SequencePoint" ordinal="2" offset="2" sc="0" sl="27" ec="1" el="27" bec="0" bev="0" fileid="4" xmlns:p8="xsi" />
            </Method>
            <Method cyclomaticComplexity="1" nPathComplexity="1" sequenceCoverage="100" branchCoverage="100" isConstructor="False" isGetter="True" isSetter="False" isStatic="True">
[...]
                <SequencePoint vc="4" uspid="69" ordinal="14" sl="69" sc="1" el="69" ec="2" bec="0" bev="0" fileid="12" />
                <SequencePoint vc="4" uspid="70" ordinal="15" sl="70" sc="1" el="70" ec="2" bec="0" bev="0" fileid="12" />
                <SequencePoint vc="26" uspid="72" ordinal="16" sl="72" sc="1" el="72" ec="2" bec="2" bev="2" fileid="12" />
                <SequencePoint vc="9" uspid="73" ordinal="17" sl="73" sc="1" el="73" ec="2" bec="0" bev="0" fileid="12" />
                <SequencePoint vc="9" uspid="74" ordinal="18" sl="74" sc="1" el="74" ec="2" bec="0" bev="0" fileid="12" />
                <SequencePoint vc="9" uspid="75" ordinal="19" sl="75" sc="1" el="75" ec="2" bec="0" bev="0" fileid="12" />
                <SequencePoint vc="9" uspid="77" ordinal="20" sl="77" sc="1" el="77" ec="2" bec="2" bev="2" fileid="12" />
                <SequencePoint vc="1" uspid="78" ordinal="21" sl="78" sc="1" el="78" ec="2" bec="0" bev="0" fileid="12" />
                <SequencePoint vc="1" uspid="79" ordinal="22" sl="79" sc="1" el="79" ec="2" bec="0" bev="0" fileid="12" />
                <SequencePoint vc="1" uspid="80" ordinal="23" sl="80" sc="1" el="80" ec="2" bec="0" bev="0" fileid="12" />
                <SequencePoint vc="8" uspid="82" ordinal="24" sl="82" sc="1" el="82" ec="2" bec="0" bev="0" fileid="12" />
                <SequencePoint vc="8" uspid="84" ordinal="25" sl="84" sc="1" el="84" ec="2" bec="0" bev="0" fileid="12" />
                <SequencePoint vc="8" uspid="86" ordinal="26" sl="86" sc="1" el="86" ec="2" bec="2" bev="1" fileid="12" />
                <SequencePoint vc="8" uspid="87" ordinal="27" sl="87" sc="1" el="87" ec="2" bec="0" bev="0" fileid="12" />
                <SequencePoint vc="8" uspid="88" ordinal="28" sl="88" sc="1" el="88" ec="2" bec="0" bev="0" fileid="12" />
                <SequencePoint vc="8" uspid="89" ordinal="29" sl="89" sc="1" el="89" ec="2" bec="0" bev="0" fileid="12" />
                <SequencePoint vc="0" uspid="91" ordinal="30" sl="91" sc="1" el="91" ec="2" bec="0" bev="0" fileid="12" />
                <SequencePoint vc="0" uspid="92" ordinal="31" sl="92" sc="1" el="92" ec="2" bec="0" bev="0" fileid="12" />
                <SequencePoint vc="0" uspid="93" ordinal="32" sl="93" sc="1" el="93" ec="2" bec="0" bev="0" fileid="12" />
                <SequencePoint vc="8" uspid="94" ordinal="33" sl="94" sc="1" el="94" ec="2" bec="0" bev="0" fileid="12" />
                <SequencePoint vc="8" uspid="97" ordinal="34" sl="97" sc="1" el="97" ec="2" bec="2" bev="1" fileid="12" />
                <SequencePoint vc="8" uspid="98" ordinal="35" sl="98" sc="1" el="98" ec="2" bec="0" bev="0" fileid="12" />
                <SequencePoint vc="8" uspid="99" ordinal="36" sl="99" sc="1" el="99" ec="2" bec="0" bev="0" fileid="12" />
                <SequencePoint vc="8" uspid="100" ordinal="37" sl="100" sc="1" el="100" ec="2" bec="0" bev="0" fileid="12" />
                <SequencePoint vc="8" uspid="102" ordinal="38" sl="102" sc="1" el="102" ec="2" bec="4" bev="4" fileid="12" />
                <SequencePoint vc="3" uspid="103" ordinal="39" sl="103" sc="1" el="103" ec="2" bec="0" bev="0" fileid="12" />
                <SequencePoint vc="3" uspid="104" ordinal="40" sl="104" sc="1" el="104" ec="2" bec="0" bev="0" fileid="12" />
                <SequencePoint vc="3" uspid="105" ordinal="41" sl="105" sc="1" el="105" ec="2" bec="0" bev="0" fileid="12" />
                <SequencePoint vc="3" uspid="106" ordinal="42" sl="106" sc="1" el="106" ec="2" bec="0" bev="0" fileid="12" />
                <SequencePoint vc="8" uspid="107" ordinal="43" sl="107" sc="1" el="107" ec="2" bec="0" bev="0" fileid="12" />
                <SequencePoint vc="0" uspid="109" ordinal="44" sl="109" sc="1" el="109" ec="2" bec="0" bev="0" fileid="12" />
                <SequencePoint vc="0" uspid="110" ordinal="45" sl="110" sc="1" el="110" ec="2" bec="0" bev="0" fileid="12" />
                <SequencePoint vc="0" uspid="111" ordinal="46" sl="111" sc="1" el="111" ec="2" bec="0" bev="0" fileid="12" />
                <SequencePoint vc="0" uspid="112" ordinal="47" sl="112" sc="1" el="112" ec="2" bec="0" bev="0" fileid="12" />
                <SequencePoint vc="8" uspid="114" ordinal="48" sl="114" sc="1" el="114" ec="2" bec="0" bev="0" fileid="12" />
                <SequencePoint vc="8" uspid="115" ordinal="49" sl="115" sc="1" el="115" ec="2" bec="0" bev="0" fileid="12" />
                <SequencePoint vc="8" uspid="116" ordinal="50" sl="116" sc="1" el="116" ec="2" bec="0" bev="0" fileid="12" />
                <SequencePoint vc="9" uspid="117" ordinal="51" sl="117" sc="1" el="117" ec="2" bec="0" bev="0" fileid="12" />
                <SequencePoint vc="4" uspid="120" ordinal="52" sl="120" sc="1" el="120" ec="2" bec="2" bev="2" fileid="12" />
                <SequencePoint vc="4" uspid="121" ordinal="53" sl="121" sc="1" el="121" ec="2" bec="0" bev="0" fileid="12" />
                <SequencePoint vc="4" uspid="122" ordinal="54" sl="122" sc="1" el="122" ec="2" bec="0" bev="0" fileid="12" />
                <SequencePoint vc="4" uspid="124" ordinal="55" sl="124" sc="1" el="124" ec="2" bec="2" bev="2" fileid="12" />
                <SequencePoint vc="3" uspid="125" ordinal="56" sl="125" sc="1" el="125" ec="2" bec="0" bev="0" fileid="12" />
                <SequencePoint vc="3" uspid="126" ordinal="57" sl="126" sc="1" el="126" ec="2" bec="0" bev="0" fileid="12" />
                <SequencePoint vc="3" uspid="127" ordinal="58" sl="127" sc="1" el="127" ec="2" bec="0" bev="0" fileid="12" />
                <SequencePoint vc="1" uspid="128" ordinal="59" sl="128" sc="1" el="128" ec="2" bec="2" bev="1" fileid="12" />
                <SequencePoint vc="1" uspid="129" ordinal="60" sl="129" sc="1" el="129" ec="2" bec="0" bev="0" fileid="12" />
                <SequencePoint vc="1" uspid="130" ordinal="61" sl="130" sc="1" el="130" ec="2" bec="0" bev="0" fileid="12" />
                <SequencePoint vc="1" uspid="131" ordinal="62" sl="131" sc="1" el="131" ec="2" bec="0" bev="0" fileid="12" />
                <SequencePoint vc="0" uspid="133" ordinal="63" sl="133" sc="1" el="133" ec="2" bec="0" bev="0" fileid="12" />
                <SequencePoint vc="0" uspid="134" ordinal="64" sl="134" sc="1" el="134" ec="2" bec="0" bev="0" fileid="12" />
                <SequencePoint vc="0" uspid="135" ordinal="65" sl="135" sc="1" el="135" ec="2" bec="0" bev="0" fileid="12" />
                <SequencePoint vc="4" uspid="136" ordinal="66" sl="136" sc="1" el="136" ec="2" bec="0" bev="0" fileid="12" />
                <SequencePoint vc="4" uspid="137" ordinal="67" sl="137" sc="1" el="137" ec="2" bec="0" bev="0" fileid="12" />
                <SequencePoint vc="4" uspid="139" ordinal="68" sl="139" sc="1" el="139" ec="2" bec="0" bev="0" fileid="12" />
                <SequencePoint vc="4" uspid="140" ordinal="69" sl="140" sc="1" el="140" ec="2" bec="0" bev="0" fileid="12" />
                <SequencePoint vc="5" uspid="141" ordinal="70" sl="141" sc="1" el="141" ec="2" bec="0" bev="0" fileid="12" />
              </SequencePoints>
              <BranchPoints>
                <BranchPoint vc="1" uspid="51" ordinal="0" path="0" offset="7" offsetend="9" sl="51" fileid="12" />
                <BranchPoint vc="6" uspid="51" ordinal="1" path="1" offset="7" offsetend="20" sl="51" fileid="12" />
                <BranchPoint vc="1" uspid="53" ordinal="2" path="0" offset="26" offsetend="28" sl="53" fileid="12" />
                <BranchPoint vc="5" uspid="53" ordinal="3" path="1" offset="26" offsetend="39" sl="53" fileid="12" />
                <BranchPoint vc="1" uspid="62" ordinal="4" path="0" offset="81" offsetend="83" sl="62" fileid="12" />
                <BranchPoint vc="4" uspid="62" ordinal="5" path="1" offset="81" offsetend="111" sl="62" fileid="12" />
                <BranchPoint vc="9" uspid="72" ordinal="17" path="1" offset="456" offsetend="135" sl="72" fileid="12" />
                <BranchPoint vc="1" uspid="77" ordinal="6" path="0" offset="188" offsetend="190" sl="77" fileid="12" />
                <BranchPoint vc="8" uspid="77" ordinal="7" path="1" offset="188" offsetend="206" sl="77" fileid="12" />
                <BranchPoint vc="8" uspid="86" ordinal="8" path="0" offset="229" offsetend="231" sl="86" fileid="12" />
                <BranchPoint vc="0" uspid="86" ordinal="9" path="1" offset="229" offsetend="246" sl="86" fileid="12" />
                <BranchPoint vc="8" uspid="97" ordinal="10" path="0" offset="290" offsetend="292" sl="97" fileid="12" />
                <BranchPoint vc="3" uspid="102" ordinal="12" path="0" offset="339" offsetend="341" sl="102" fileid="12" />
                <BranchPoint vc="5" uspid="102" ordinal="13" path="1" offset="339" offsetend="353" sl="102" fileid="12" />
                <BranchPoint vc="3" uspid="102" ordinal="14" path="0" offset="358" offsetend="360" sl="102" fileid="12" />
                <BranchPoint vc="8" uspid="102" ordinal="15" path="1" offset="358" offsetend="395" sl="102" fileid="12" />
                <BranchPoint vc="0" uspid="97" ordinal="11" path="1" offset="290" offsetend="398" sl="97" fileid="12" />
                <BranchPoint vc="4" uspid="72" ordinal="16" path="0" offset="456" offsetend="461" sl="72" fileid="12" />
                <BranchPoint vc="4" uspid="120" ordinal="18" path="0" offset="474" offsetend="476" sl="120" fileid="12" />
                <BranchPoint vc="3" uspid="124" ordinal="20" path="0" offset="499" offsetend="501" sl="124" fileid="12" />
                <BranchPoint vc="1" uspid="124" ordinal="21" path="1" offset="499" offsetend="516" sl="124" fileid="12" />
                <BranchPoint vc="1" uspid="128" ordinal="22" path="0" offset="533" offsetend="535" sl="128" fileid="12" />
                <BranchPoint vc="0" uspid="128" ordinal="23" path="1" offset="533" offsetend="554" sl="128" fileid="12" />
                <BranchPoint vc="4" uspid="120" ordinal="19" path="1" offset="474" offsetend="578" sl="120" fileid="12" />
              </BranchPoints>
              <MethodPoint vc="61" uspid="0" p8:type="SequencePoint" ordinal="2" offset="2" sc="0" sl="50" ec="1" el="141" bec="0" bev="0" fileid="12" xmlns:p8="xsi" />
            </Method>
            <Method cyclomaticComplexity="2" nPathComplexity="2" sequenceCoverage="100" branchCoverage="100" isConstructor="False" isGetter="False" isSetter="False" isStatic="True">
              <Summary numSequencePoints="10" visitedSequencePoints="10" numBranchPoints="2" visitedBranchPoints="2" sequenceCoverage="100" branchCoverage="100" maxCyclomaticComplexity="2" minCyclomaticComplexity="2" visitedClasses="0" numClasses="0" visitedMethods="1" numMethods="1" />
              <MetadataToken />
              <Name>System.Void SkiaSharp.Extended.Gif.Codec.LzwEncoder::WriteCode(System.Int32,System.IO.Stream)</Name>
              <FileRef uid="12" />
              <SequencePoints>
                <SequencePoint vc="22" uspid="144" ordinal="0" sl="144" sc="1" el="144" ec="2" bec="0" bev="0" fileid="12" />
                <SequencePoint vc="22" uspid="145" ordinal="1" sl="145" sc="1" el="145" ec="2" bec="0" bev="0" fileid="12" />
                <SequencePoint vc="22" uspid="146" ordinal="2" sl="146" sc="1" el="146" ec="2" bec="0" bev="0" fileid="12" />
                <SequencePoint vc="30" uspid="148" ordinal="3" sl="148" sc="1" el="148" ec="2" bec="2" bev="2" fileid="12" />
                <SequencePoint vc="8" uspid="149" ordinal="4" sl="149" sc="1" el="149" ec="2" bec="0" bev="0" fileid="12" />
                <SequencePoint vc="8" uspid="150" ordinal="5" sl="150" sc="1" el="150" ec="2" bec="0" bev="0" fileid="12" />
                <SequencePoint vc="8" uspid="151" ordinal="6" sl="151" sc="1" el="151" ec="2" bec="0" bev="0" fileid="12" />
                <SequencePoint vc="8" uspid="152" ordinal="7" sl="152" sc="1" el="152" ec="2" bec="0" bev="0" fileid="12" />
                <SequencePoint vc="8" uspid="153" ordinal="8" sl="153" sc="1" el="153" ec="2" bec="0" bev="0" fileid="12" />
                <SequencePoint vc="22" uspid="154" ordinal="9" sl="154" sc="1" el="154" ec="2" bec="0" bev="0" fileid="12" />
              </SequencePoints>
              <BranchPoints>
                <BranchPoint vc="8" uspid="148" ordinal="1" path="1" offset="110" offsetend="46" sl="148" fileid="12" />
                <BranchPoint vc="22" uspid="148" ordinal="0" path="0" offset="110" offsetend="112" sl="148" fileid="12" />
              </BranchPoints>
              <MethodPoint vc="10" uspid="0" p8:type="SequencePoint" ordinal="3" offset="3" sc="0" sl="144" ec="1" el="154" bec="0" bev="0" fileid="12" xmlns:p8="xsi" />
            </Method>
            <Method cyclomaticComplexity="2" nPathComplexity="2" sequenceCoverage="100" branchCoverage="100" isConstructor="False" isGetter="False" isSetter="False" isStatic="True">
              <Summary numSequencePoints="8" visitedSequencePoints="8" numBranchPoints="2" visitedBranchPoints="2" sequenceCoverage="100" branchCoverage="100" maxCyclomaticComplexity="2" minCyclomaticComplexity="2" visitedClasses="0" numClasses="0" visitedMethods="1" numMethods="1" />
              <MetadataToken />
              <Name>System.Void SkiaSharp.Extended.Gif.Codec.LzwEncoder::FlushBits(System.IO.Stream)</Name>
              <FileRef uid="12" />
              <SequencePoints>
                <SequencePoint vc="5" uspid="157" ordinal="0" sl="157" sc="1" el="157" ec="2" bec="0" bev="0" fileid="12" />
                <SequencePoint vc="5" uspid="158" ordinal="1" sl="158" sc="1" el="158" ec="2" bec="2" bev="2" fileid="12" />
                <SequencePoint vc="5" uspid="159" ordinal="2" sl="159" sc="1" el="159" ec="2" bec="0" bev="0" fileid="12" />
                <SequencePoint vc="5" uspid="160" ordinal="3" sl="160" sc="1" el="160" ec="2" bec="0" bev="0" fileid="12" />
                <SequencePoint vc="5" uspid="161" ordinal="4" sl="161" sc="1" el="161" ec="2" bec="0" bev="0" fileid="12" />
                <SequencePoint vc="5" uspid="162" ordinal="5" sl="162" sc="1" el="162" ec="2" bec="0" bev="0" fileid="12" />
                <SequencePoint vc="5" uspid="163" ordinal="6" sl="163" sc="1" el="163" ec="2" bec="0" bev="0" fileid="12" />
                <SequencePoint vc="5" uspid="164" ordinal="7" sl="164" sc="1" el="164" ec="2" bec="0" bev="0" fileid="12" />
              </SequencePoints>
              <BranchPoints>
                <BranchPoint vc="5" uspid="158" ordinal="0" path="0" offset="12" offsetend="14" sl="158" fileid="12" />
                <BranchPoint vc="5" uspid="158" ordinal="1" path="1" offset="12" offsetend="50" sl="158" fileid="12" />
              </BranchPoints>
              <MethodPoint vc="8" uspid="0" p8:type="SequencePoint" ordinal="4" offset="4" sc="0" sl="157" ec="1" el="164" bec="0" bev="0" fileid="12" xmlns:p8="xsi" />
            </Method>
            <Method cyclomaticComplexity="2" nPathComplexity="2" sequenceCoverage="100" branchCoverage="100" isConstructor="False" isGetter="False" isSetter="False" isStatic="True">
              <Summary numSequencePoints="8" visitedSequencePoints="8" numBranchPoints="2" visitedBranchPoints="2" sequenceCoverage="100" branchCoverage="100" maxCyclomaticComplexity="2" minCyclomaticComplexity="2" visitedClasses="0" numClasses="0" visitedMethods="1" numMethods="1" />
              <MetadataToken />
              <Name>System.Void SkiaSharp.Extended.Gif.Codec.LzwEncoder::Dispose()</Name>
              <FileRef uid="12" />
              <SequencePoints>
                <SequencePoint vc="13" uspid="167" ordinal="0" sl="167" sc="1" el="167" ec="2" bec="0" bev="0" fileid="12" />
                <SequencePoint vc="13" uspid="168" ordinal="1" sl="168" sc="1" el="168" ec="2" bec="2" bev="2" fileid="12" />
                <SequencePoint vc="12" uspid="169" ordinal="2" sl="169" sc="1" el="169" ec="2" bec="0" bev="0" fileid="12" />
                <SequencePoint vc="12" uspid="170" ordinal="3" sl="170" sc="1" el="170" ec="2" bec="0" bev="0" fileid="12" />
                <SequencePoint vc="12" uspid="171" ordinal="4" sl="171" sc="1" el="171" ec="2" bec="0" bev="0" fileid="12" />
                <SequencePoint vc="12" uspid="172" ordinal="5" sl="172" sc="1" el="172" ec="2" bec="0" bev="0" fileid="12" />
                <SequencePoint vc="13" uspid="173" ordinal="6" sl="173" sc="1" el="173" ec="2" bec="0" bev="0" fileid="12" />
                <SequencePoint vc="13" uspid="174" ordinal="7" sl="174" sc="1" el="174" ec="2" bec="0" bev="0" fileid="12" />
              </SequencePoints>
              <BranchPoints>
                <BranchPoint vc="12" uspid="168" ordinal="0" path="0" offset="12" offsetend="14" sl="168" fileid="12" />
                <BranchPoint vc="13" uspid="168" ordinal="1" path="1" offset="12" offsetend="35" sl="168" fileid="12" />
              </BranchPoints>
              <MethodPoint vc="8" uspid="0" p8:type="SequencePoint" ordinal="5" offset="5" sc="0" sl="167" ec="1" el="174" bec="0" bev="0" fileid="12" xmlns:p8="xsi" />
            </Method>
            <Method cyclomaticComplexity="4" nPathComplexity="4" sequenceCoverage="100" branchCoverage="100" isConstructor="True" isGetter="False" isSetter="False" isStatic="True">
              <Summary numSequencePoints="10" visitedSequencePoints="10" numBranchPoints="4" visitedBranchPoints="4" sequenceCoverage="100" branchCoverage="100" maxCyclomaticComplexity="4" minCyclomaticComplexity="4" visitedClasses="0" numClasses="0" visitedMethods="1" numMethods="1" />
              <MetadataToken />
              <Name>System.Void SkiaSharp.Extended.Gif.Codec.LzwEncoder::.ctor(System.Int32)</Name>
              <FileRef uid="12" />
              <SequencePoints>
                <SequencePoint vc="14" uspid="28" ordinal="0" sl="28" sc="1" el="28" ec="2" bec="0" bev="0" fileid="12" />
                <SequencePoint vc="14" uspid="29" ordinal="1" sl="29" sc="1" el="29" ec="2" bec="0" bev="0" fileid="12" />
                <SequencePoint vc="14" uspid="30" ordinal="2" sl="30" sc="1" el="30" ec="2" bec="4" bev="4" fileid="12" />
                <SequencePoint vc="2" uspid="31" ordinal="3" sl="31" sc="1" el="31" ec="2" bec="0" bev="0" fileid="12" />
                <SequencePoint vc="12" uspid="33" ordinal="4" sl="33" sc="1" el="33" ec="2" bec="0" bev="0" fileid="12" />
                <SequencePoint vc="12" uspid="34" ordinal="5" sl="34" sc="1" el="34" ec="2" bec="0" bev="0" fileid="12" />
                <SequencePoint vc="12" uspid="35" ordinal="6" sl="35" sc="1" el="35" ec="2" bec="0" bev="0" fileid="12" />
                <SequencePoint vc="12" uspid="36" ordinal="7" sl="36" sc="1" el="36" ec="2" bec="0" bev="0" fileid="12" />
                <SequencePoint vc="12" uspid="38" ordinal="8" sl="38" sc="1" el="38" ec="2" bec="0" bev="0" fileid="12" />
                <SequencePoint vc="12" uspid="39" ordinal="9" sl="39" sc="1" el="39" ec="2" bec="0" bev="0" fileid="12" />
              </SequencePoints>
              <BranchPoints>
                <BranchPoint vc="13" uspid="30" ordinal="0" path="0" offset="10" offsetend="12" sl="30" fileid="12" />
                <BranchPoint vc="1" uspid="30" ordinal="1" path="1" offset="10" offsetend="19" sl="30" fileid="12" />
                <BranchPoint vc="2" uspid="30" ordinal="2" path="0" offset="22" offsetend="24" sl="30" fileid="12" />
                <BranchPoint vc="12" uspid="30" ordinal="3" path="1" offset="22" offsetend="35" sl="30" fileid="12" />
              </BranchPoints>
              <MethodPoint vc="10" uspid="0" p8:type="SequencePoint" ordinal="6" offset="6" sc="0" sl="28" ec="1" el="39" bec="0" bev="0" fileid="12" xmlns:p8="xsi" />
            </Method>
          </Methods>
        </Class>
      </Classes>
    </Module>
  </Modules>
</CoverageSession>